TN:
SF:apps/api/src/response.ts
FNF:4
FNH:4
DA:2,64
DA:4,60
DA:6,29
DA:7,63
DA:8,11
DA:9,23
DA:10,3
DA:13,26
DA:14,66
DA:15,11
DA:16,23
DA:17,3
DA:20,24
DA:21,64
DA:22,11
DA:23,23
DA:24,3
DA:27,28
DA:28,31
DA:29,16
DA:30,31
DA:31,3
DA:32,2
LF:23
LH:23
end_of_record
TN:
SF:apps/api/src/server.ts
FNF:16
FNH:12
DA:1,63
DA:8,113
DA:14,90
DA:16,8
DA:17,9
DA:18,34
DA:19,11
DA:20,0
DA:21,0
DA:25,14
DA:26,49
DA:27,21
DA:28,37
DA:31,14
DA:32,49
DA:33,21
DA:34,32
DA:37,14
DA:38,49
DA:39,21
DA:40,64
DA:43,0
DA:44,0
DA:45,0
DA:46,0
DA:47,0
DA:48,0
DA:49,0
DA:50,0
DA:51,0
DA:52,0
DA:53,0
DA:54,0
DA:55,0
DA:56,0
DA:57,0
DA:61,0
DA:62,0
DA:63,0
DA:64,0
DA:65,0
DA:66,0
DA:67,0
DA:68,0
DA:69,1
DA:72,15
DA:73,22
DA:74,58
DA:75,12
DA:76,35
DA:77,32
DA:78,32
DA:80,13
DA:81,54
DA:82,36
DA:83,8
DA:85,56
DA:86,44
DA:87,56
DA:88,62
DA:89,31
DA:90,17
DA:91,39
DA:92,6
DA:93,77
DA:94,13
DA:95,72
DA:96,53
DA:97,36
DA:98,25
DA:99,0
DA:100,0
DA:102,8
DA:104,53
DA:105,29
DA:112,15
DA:113,56
DA:114,58
DA:115,81
DA:116,32
DA:117,17
DA:118,64
DA:119,75
DA:120,63
DA:121,76
DA:122,74
DA:123,16
DA:124,17
DA:125,28
DA:126,34
DA:127,39
DA:128,6
DA:129,50
DA:130,13
DA:131,56
DA:132,36
DA:133,22
DA:134,0
DA:135,0
DA:136,0
DA:137,0
DA:138,0
DA:139,12
DA:140,40
DA:141,58
DA:142,57
DA:143,52
DA:144,61
DA:145,7
DA:146,13
DA:147,17
DA:148,48
DA:149,12
DA:150,48
DA:151,55
DA:152,46
DA:153,39
DA:154,15
DA:155,34
DA:156,0
DA:157,0
DA:159,8
DA:161,48
DA:162,0
DA:169,0
DA:170,0
DA:171,0
DA:172,0
DA:173,0
DA:174,0
DA:175,0
DA:176,0
DA:177,0
DA:178,0
DA:179,0
DA:180,0
DA:181,0
DA:182,0
DA:183,0
DA:184,0
DA:185,0
DA:186,0
DA:187,0
DA:188,0
DA:189,0
DA:190,0
DA:191,0
DA:192,0
DA:193,0
DA:194,0
DA:195,0
DA:197,8
DA:199,54
DA:200,44
DA:201,56
DA:202,56
DA:203,31
DA:204,56
DA:205,29
DA:206,17
DA:207,55
DA:208,41
DA:209,44
DA:210,45
DA:211,24
DA:212,72
DA:213,3
DA:214,1
DA:215,12
DA:216,41
DA:217,41
DA:218,46
DA:219,47
DA:220,24
DA:221,7
DA:222,93
DA:223,36
DA:224,51
DA:225,2
DA:226,1
DA:227,3
DA:228,1
DA:229,0
DA:230,0
DA:231,0
DA:232,0
DA:233,0
DA:234,0
DA:236,8
DA:238,56
DA:239,44
DA:240,56
DA:241,56
DA:242,31
DA:243,56
DA:244,29
DA:245,17
DA:246,55
DA:247,43
DA:248,44
DA:249,45
DA:250,24
DA:251,7
DA:252,20
DA:253,22
DA:254,66
DA:255,1
DA:256,0
DA:257,0
DA:258,1
DA:259,3
DA:260,1
DA:261,12
DA:262,26
DA:263,0
DA:264,0
DA:266,8
DA:268,53
DA:269,44
DA:270,56
DA:271,31
DA:272,17
DA:273,55
DA:274,39
DA:275,44
DA:276,45
DA:277,24
DA:278,7
DA:279,91
DA:280,34
DA:281,49
DA:282,2
DA:283,1
DA:284,3
DA:285,1
DA:286,0
DA:287,0
DA:288,0
DA:289,0
DA:290,0
DA:292,8
DA:294,43
DA:295,0
DA:296,0
DA:297,0
DA:298,0
DA:299,0
DA:300,0
DA:301,0
DA:302,0
DA:304,8
DA:306,42
DA:307,0
DA:308,0
DA:309,0
DA:310,0
DA:311,0
DA:312,0
DA:313,0
DA:314,0
DA:316,8
DA:318,43
DA:319,0
DA:320,0
DA:321,0
DA:322,0
DA:323,0
DA:324,0
DA:325,0
DA:326,0
DA:327,0
DA:328,0
DA:329,0
DA:330,0
DA:332,8
DA:334,42
DA:335,0
DA:336,0
DA:337,0
DA:338,0
DA:339,0
DA:340,0
DA:341,0
DA:342,0
DA:343,0
DA:344,0
DA:345,0
DA:346,0
DA:348,8
DA:350,55
DA:351,44
DA:352,56
DA:353,60
DA:354,31
DA:355,33
DA:356,17
DA:357,55
DA:358,54
DA:359,90
DA:360,37
DA:361,0
DA:362,0
DA:363,0
DA:364,0
DA:365,0
DA:366,0
DA:367,0
DA:368,12
DA:369,50
DA:370,83
DA:371,58
DA:372,71
DA:373,0
DA:374,0
DA:375,0
DA:376,0
DA:377,0
DA:378,0
DA:379,0
DA:381,8
DA:383,36
DA:384,0
DA:385,0
DA:386,3
DA:389,2
DA:392,0
DA:393,0
DA:394,0
DA:395,0
DA:396,0
DA:397,0
DA:401,0
DA:402,0
DA:403,0
DA:404,0
DA:405,0
DA:406,0
DA:415,10
DA:416,15
DA:417,9
DA:418,28
DA:419,19
DA:420,77
DA:422,3
DA:423,1
LF:345
LH:200
end_of_record
TN:
SF:apps/mcp/src/index.ts
FNF:33
FNH:24
DA:1,80
DA:8,181
DA:20,68
DA:21,81
DA:22,24
DA:23,56
DA:24,58
DA:26,11
DA:27,34
DA:28,19
DA:29,18
DA:30,5
DA:32,12
DA:33,18
DA:34,38
DA:35,5
DA:36,55
DA:37,64
DA:38,2
DA:39,0
DA:40,0
DA:41,0
DA:42,0
DA:43,0
DA:44,0
DA:45,0
DA:46,0
DA:47,0
DA:48,0
DA:49,0
DA:50,0
DA:51,0
DA:52,0
DA:53,0
DA:54,0
DA:55,0
DA:56,0
DA:57,0
DA:58,0
DA:59,0
DA:60,0
DA:64,4
DA:66,12
DA:67,15
DA:68,33
DA:69,5
DA:70,55
DA:71,61
DA:72,82
DA:73,97
DA:74,88
DA:75,10
DA:76,53
DA:77,11
DA:78,9
DA:79,87
DA:80,6
DA:81,11
DA:82,10
DA:83,11
DA:84,67
DA:85,11
DA:86,18
DA:87,11
DA:88,77
DA:89,2
DA:90,79
DA:91,11
DA:92,39
DA:93,6
DA:94,62
DA:95,7
DA:96,46
DA:97,15
DA:98,0
DA:99,6
DA:100,41
DA:101,21
DA:102,21
DA:103,73
DA:104,1
DA:105,6
DA:106,29
DA:107,40
DA:108,33
DA:109,8
DA:110,37
DA:111,13
DA:112,20
DA:113,23
DA:114,44
DA:115,17
DA:116,27
DA:117,24
DA:118,22
DA:119,2
DA:120,3
DA:121,16
DA:122,52
DA:123,0
DA:124,0
DA:125,0
DA:126,0
DA:127,0
DA:128,0
DA:129,0
DA:130,6
DA:131,18
DA:132,38
DA:133,4
DA:134,0
DA:135,0
DA:136,1
DA:137,41
DA:138,1
DA:139,0
DA:140,0
DA:141,0
DA:142,1
DA:145,4
DA:147,12
DA:148,15
DA:149,39
DA:150,5
DA:151,55
DA:152,60
DA:153,82
DA:154,6
DA:155,35
DA:156,11
DA:157,49
DA:158,73
DA:159,94
DA:160,2
DA:161,68
DA:162,11
DA:163,39
DA:164,6
DA:165,28
DA:166,7
DA:167,46
DA:168,28
DA:169,41
DA:170,12
DA:171,0
DA:172,0
DA:173,0
DA:174,6
DA:175,43
DA:176,15
DA:177,0
DA:178,0
DA:179,0
DA:180,0
DA:181,6
DA:182,72
DA:183,23
DA:184,15
DA:185,44
DA:186,38
DA:187,16
DA:194,9
DA:195,34
DA:196,29
DA:197,34
DA:198,61
DA:199,47
DA:200,20
DA:201,52
DA:202,64
DA:203,22
DA:204,54
DA:205,25
DA:206,66
DA:207,58
DA:208,24
DA:209,14
DA:210,24
DA:211,24
DA:212,27
DA:213,32
DA:214,50
DA:215,11
DA:216,53
DA:217,6
DA:218,18
DA:219,9
DA:220,25
DA:221,14
DA:222,23
DA:223,46
DA:224,26
DA:225,81
DA:226,13
DA:227,3
DA:228,58
DA:229,1
DA:230,0
DA:231,0
DA:232,0
DA:233,1
DA:236,4
DA:238,12
DA:239,21
DA:240,60
DA:241,5
DA:242,55
DA:243,62
DA:244,82
DA:245,93
DA:246,91
DA:247,20
DA:248,9
DA:249,6
DA:250,11
DA:251,11
DA:252,46
DA:253,2
DA:254,0
DA:255,0
DA:256,0
DA:257,0
DA:258,0
DA:259,0
DA:260,0
DA:261,0
DA:262,0
DA:263,0
DA:264,0
DA:265,0
DA:266,0
DA:267,0
DA:268,0
DA:269,0
DA:270,0
DA:271,0
DA:272,0
DA:273,0
DA:274,0
DA:275,0
DA:279,4
DA:281,12
DA:282,18
DA:283,50
DA:284,5
DA:285,55
DA:286,83
DA:287,2
DA:288,23
DA:289,40
DA:290,22
DA:291,67
DA:292,4
DA:293,11
DA:294,41
DA:295,46
DA:296,38
DA:297,39
DA:298,21
DA:299,7
DA:300,14
DA:301,16
DA:302,60
DA:303,1
DA:304,0
DA:305,0
DA:306,0
DA:307,0
DA:308,0
DA:309,0
DA:310,0
DA:311,1
DA:314,4
DA:316,12
DA:317,16
DA:318,34
DA:319,5
DA:320,55
DA:321,81
DA:322,2
DA:323,23
DA:324,40
DA:325,22
DA:326,67
DA:327,4
DA:328,11
DA:329,41
DA:330,44
DA:331,29
DA:332,0
DA:333,0
DA:334,0
DA:335,0
DA:336,6
DA:337,35
DA:338,35
DA:339,40
DA:340,41
DA:341,21
DA:342,7
DA:343,87
DA:344,30
DA:345,45
DA:346,2
DA:347,0
DA:348,0
DA:349,6
DA:350,6
DA:351,26
DA:352,63
DA:353,0
DA:354,0
DA:355,0
DA:356,1
DA:359,4
DA:361,12
DA:362,15
DA:363,42
DA:364,5
DA:365,52
DA:366,2
DA:367,18
DA:368,11
DA:369,41
DA:370,33
DA:371,38
DA:372,39
DA:373,21
DA:374,7
DA:375,85
DA:376,28
DA:377,43
DA:378,2
DA:379,0
DA:380,0
DA:381,0
DA:382,0
DA:383,0
DA:384,0
DA:385,0
DA:386,0
DA:387,1
DA:390,4
DA:392,12
DA:393,26
DA:394,100
DA:395,3
DA:396,0
DA:397,0
DA:398,0
DA:401,4
DA:403,12
DA:404,16
DA:405,39
DA:406,5
DA:407,52
DA:408,2
DA:409,0
DA:410,0
DA:411,0
DA:412,0
DA:413,0
DA:414,0
DA:415,0
DA:416,0
DA:417,0
DA:418,0
DA:419,0
DA:420,0
DA:421,0
DA:422,0
DA:423,0
DA:424,0
DA:425,0
DA:426,0
DA:427,0
DA:428,0
DA:429,0
DA:430,0
DA:431,0
DA:435,4
DA:437,12
DA:438,15
DA:439,35
DA:440,5
DA:441,52
DA:442,2
DA:443,0
DA:444,0
DA:445,0
DA:446,0
DA:447,0
DA:448,0
DA:449,0
DA:450,0
DA:454,4
DA:456,12
DA:457,16
DA:458,55
DA:459,5
DA:460,55
DA:461,72
DA:462,2
DA:463,0
DA:464,0
DA:465,0
DA:466,0
DA:467,0
DA:468,0
DA:469,0
DA:470,0
DA:471,0
DA:472,0
DA:473,0
DA:477,4
DA:479,12
DA:480,15
DA:481,47
DA:482,5
DA:483,57
DA:484,55
DA:485,2
DA:486,0
DA:487,0
DA:488,0
DA:489,0
DA:490,0
DA:491,0
DA:492,0
DA:493,0
DA:497,4
DA:499,12
DA:500,17
DA:501,37
DA:502,5
DA:503,57
DA:504,52
DA:505,94
DA:506,2
DA:507,34
DA:508,11
DA:509,41
DA:510,62
DA:511,92
DA:512,63
DA:513,35
DA:514,68
DA:515,64
DA:516,85
DA:517,36
DA:518,0
DA:519,7
DA:521,75
DA:522,0
DA:523,0
DA:524,0
DA:525,1
DA:528,4
DA:530,13
DA:533,0
DA:534,0
DA:535,0
DA:536,0
DA:537,0
DA:538,0
DA:539,0
DA:540,0
DA:541,0
DA:542,0
DA:543,0
DA:544,0
DA:545,0
DA:546,0
DA:547,0
DA:548,0
DA:549,0
DA:550,0
DA:551,0
DA:552,0
DA:553,0
DA:554,0
DA:555,0
DA:556,0
DA:557,0
DA:558,0
DA:559,0
DA:560,0
DA:561,0
DA:565,10
DA:566,35
DA:567,71
DA:568,4
DA:569,12
DA:570,36
DA:571,18
DA:572,28
DA:573,28
DA:574,30
DA:575,28
DA:576,29
DA:577,42
DA:578,18
DA:579,47
DA:580,1
DA:583,10
DA:584,12
DA:585,36
DA:586,18
DA:587,28
DA:588,28
DA:589,30
DA:590,28
DA:591,29
DA:592,45
DA:593,40
DA:594,22
DA:595,38
DA:596,36
DA:597,36
DA:598,17
DA:599,24
DA:600,3
DA:601,1
DA:604,1
DA:605,6
DA:606,15
DA:607,3
DA:608,35
DA:609,9
DA:610,82
DA:611,22
DA:612,0
DA:613,0
DA:617,32
DA:618,77
DA:619,33
DA:620,14
DA:621,28
DA:622,64
DA:623,1
DA:624,2
DA:627,33
DA:628,23
DA:629,56
DA:632,6
DA:635,3
DA:636,87
DA:639,20
DA:640,0
DA:641,0
DA:642,0
DA:643,0
DA:645,0
LF:553
LH:369
end_of_record
TN:
SF:apps/mcp/src/operation-schema.ts
FNF:1
FNH:1
DA:1,24
DA:3,36
DA:4,18
DA:5,74
DA:6,3
DA:8,34
DA:9,44
DA:10,35
DA:11,3
DA:13,53
DA:14,14
DA:15,30
DA:16,22
DA:17,36
DA:18,5
DA:19,14
DA:20,32
DA:21,22
DA:22,20
DA:23,21
DA:24,5
DA:25,14
DA:26,33
DA:27,22
DA:28,22
DA:29,21
DA:30,5
DA:31,14
DA:32,32
DA:33,22
DA:34,22
DA:35,55
DA:36,5
DA:37,14
DA:38,32
DA:39,22
DA:40,39
DA:41,36
DA:42,5
DA:43,14
DA:44,32
DA:45,22
DA:46,39
DA:47,36
DA:48,5
DA:49,14
DA:50,32
DA:51,22
DA:52,39
DA:53,36
DA:54,5
DA:55,14
DA:56,32
DA:57,22
DA:58,39
DA:59,36
DA:60,5
DA:61,14
DA:62,30
DA:63,21
DA:64,53
DA:65,5
DA:66,14
DA:67,33
DA:68,19
DA:69,5
DA:70,14
DA:71,33
DA:72,22
DA:73,21
DA:74,5
DA:75,14
DA:76,31
DA:77,22
DA:78,42
DA:79,5
DA:80,14
DA:81,33
DA:82,22
DA:83,20
DA:84,21
DA:85,25
DA:86,5
DA:87,14
DA:88,32
DA:89,22
DA:90,92
DA:91,5
DA:92,14
DA:93,31
DA:94,22
DA:95,22
DA:96,29
DA:97,5
DA:98,14
DA:99,32
DA:100,22
DA:101,19
DA:102,5
DA:103,14
DA:104,34
DA:105,22
DA:106,19
DA:107,5
DA:108,14
DA:109,33
DA:110,22
DA:111,40
DA:112,19
DA:113,5
DA:114,14
DA:115,34
DA:116,22
DA:117,40
DA:118,20
DA:119,5
DA:120,14
DA:121,32
DA:122,22
DA:123,20
DA:124,21
DA:125,31
DA:126,5
DA:127,14
DA:128,34
DA:129,22
DA:130,20
DA:131,20
DA:132,32
DA:133,5
DA:134,14
DA:135,37
DA:136,22
DA:137,22
DA:138,20
DA:139,5
DA:140,14
DA:141,36
DA:142,21
DA:143,20
DA:144,30
DA:145,5
DA:146,14
DA:147,39
DA:148,21
DA:149,30
DA:150,5
DA:151,14
DA:152,30
DA:153,22
DA:154,22
DA:155,42
DA:156,5
DA:157,14
DA:158,32
DA:159,22
DA:160,40
DA:161,37
DA:162,5
DA:163,14
DA:164,35
DA:165,22
DA:166,17
DA:167,5
DA:168,14
DA:169,37
DA:170,22
DA:171,17
DA:172,5
DA:173,14
DA:174,39
DA:175,22
DA:176,22
DA:177,41
DA:178,5
DA:179,14
DA:180,42
DA:181,22
DA:182,19
DA:183,5
DA:184,14
DA:185,35
DA:186,22
DA:187,19
DA:188,5
DA:189,14
DA:190,37
DA:191,19
DA:192,5
DA:193,14
DA:194,40
DA:195,22
DA:196,36
DA:197,55
DA:198,5
DA:199,14
DA:200,33
DA:201,22
DA:202,19
DA:203,5
DA:204,14
DA:205,31
DA:206,22
DA:207,32
DA:208,5
DA:209,14
DA:210,30
DA:211,22
DA:212,39
DA:213,39
DA:214,32
DA:215,5
DA:216,14
DA:217,30
DA:218,22
DA:219,39
DA:220,39
DA:221,32
DA:222,5
DA:223,14
DA:224,31
DA:225,22
DA:226,24
DA:227,53
DA:228,5
DA:229,14
DA:230,42
DA:231,22
DA:232,22
DA:233,41
DA:234,5
DA:235,14
DA:236,45
DA:237,22
DA:238,19
DA:239,5
DA:240,14
DA:241,34
DA:242,22
DA:243,42
DA:244,5
DA:245,14
DA:246,34
DA:247,22
DA:248,19
DA:249,5
DA:250,14
DA:251,31
DA:252,22
DA:253,23
DA:254,20
DA:255,5
DA:256,14
DA:257,31
DA:258,22
DA:259,23
DA:260,20
DA:261,5
DA:262,14
DA:263,31
DA:264,22
DA:265,41
DA:266,39
DA:267,38
DA:268,38
DA:269,5
DA:270,14
DA:271,31
DA:272,22
DA:273,41
DA:274,39
DA:275,38
DA:276,38
DA:277,5
DA:278,14
DA:279,33
DA:280,22
DA:281,20
DA:282,14
DA:283,16
DA:284,23
DA:285,35
DA:286,37
DA:287,40
DA:288,35
DA:289,31
DA:290,2
DA:291,3
DA:292,3
DA:293,3
DA:295,57
DA:297,6
DA:298,7
DA:299,3
DA:300,51
DA:301,24
DA:302,39
DA:303,2
DA:304,39
DA:305,47
DA:306,53
DA:307,12
DA:308,14
DA:309,46
DA:310,1
LF:305
LH:305
end_of_record
TN:
SF:apps/mcp/src/response.ts
FNF:2
FNH:2
DA:2,64
DA:4,24
DA:5,12
DA:6,47
DA:7,41
DA:8,2
DA:11,16
DA:12,65
DA:13,12
DA:14,47
DA:15,45
DA:16,15
DA:17,1
LF:13
LH:13
end_of_record
TN:
SF:fixtures/benchmarks/results.ts
FNF:62
FNH:59
DA:99,42
DA:100,41
DA:101,53
DA:102,46
DA:103,69
DA:104,46
DA:119,13
DA:124,3
DA:125,12
DA:126,21
DA:127,23
DA:128,21
DA:129,42
DA:130,30
DA:131,22
DA:132,26
DA:133,21
DA:134,2
DA:137,18
DA:138,25
DA:139,0
DA:140,2
DA:141,61
DA:142,12
DA:143,32
DA:144,34
DA:145,32
DA:146,28
DA:147,39
DA:148,37
DA:149,12
DA:150,20
DA:151,61
DA:152,9
DA:153,96
DA:154,12
DA:155,25
DA:156,66
DA:157,9
DA:158,96
DA:159,12
DA:160,19
DA:161,60
DA:162,9
DA:163,96
DA:164,98
DA:165,12
DA:166,20
DA:167,61
DA:168,9
DA:169,92
DA:170,2
DA:173,6
DA:174,10
DA:175,11
DA:176,8
DA:177,3
DA:178,46
DA:179,82
DA:180,84
DA:181,0
DA:183,4
DA:184,19
DA:185,30
DA:186,41
DA:187,42
DA:188,18
DA:189,0
DA:190,0
DA:191,4
DA:192,18
DA:193,0
DA:194,0
DA:195,4
DA:196,36
DA:197,65
DA:198,72
DA:199,13
DA:200,56
DA:201,2
DA:202,15
DA:203,44
DA:204,2
DA:205,12
DA:206,34
DA:207,36
DA:208,10
DA:209,16
DA:210,74
DA:211,76
DA:212,76
DA:213,72
DA:214,63
DA:215,3
DA:216,1
DA:219,1
DA:220,6
DA:221,6
DA:222,12
DA:223,3
DA:224,61
DA:225,61
DA:226,22
DA:227,17
DA:228,17
DA:229,24
DA:230,24
DA:231,43
DA:232,6
DA:234,37
DA:235,29
DA:236,31
DA:237,37
DA:238,29
DA:239,31
DA:240,24
DA:241,18
DA:242,18
DA:243,25
DA:244,25
DA:245,2
DA:246,6
DA:248,30
DA:249,26
DA:250,31
DA:251,30
DA:252,26
DA:253,31
DA:254,17
DA:255,11
DA:256,11
DA:257,18
DA:258,18
DA:259,2
DA:260,6
DA:262,35
DA:263,34
DA:264,31
DA:265,35
DA:266,34
DA:267,31
DA:268,22
DA:269,16
DA:270,16
DA:271,23
DA:272,23
DA:273,2
DA:274,6
DA:276,36
DA:277,27
DA:278,31
DA:279,36
DA:280,27
DA:281,31
DA:282,23
DA:283,17
DA:284,17
DA:285,24
DA:286,24
DA:287,2
DA:288,6
DA:290,12
DA:291,14
DA:292,12
DA:293,16
DA:294,23
DA:295,23
DA:296,23
DA:297,21
DA:298,6
DA:299,14
DA:300,9
DA:301,16
DA:302,20
DA:303,20
DA:304,20
DA:305,21
DA:306,6
DA:307,22
DA:308,20
DA:309,17
DA:310,31
DA:311,31
DA:312,31
DA:313,23
DA:314,6
DA:315,22
DA:316,17
DA:317,16
DA:318,28
DA:319,28
DA:320,28
DA:321,16
DA:322,6
DA:323,22
DA:324,25
DA:325,16
DA:326,36
DA:327,36
DA:328,36
DA:329,21
DA:330,6
DA:331,22
DA:332,18
DA:333,16
DA:334,29
DA:335,29
DA:336,29
DA:337,22
DA:338,3
DA:339,39
DA:342,0
DA:343,0
DA:344,0
DA:345,1
DA:348,0
DA:349,0
DA:350,0
DA:351,0
DA:352,1
DA:355,17
DA:356,49
DA:357,44
DA:358,32
DA:359,2
DA:360,17
DA:363,24
DA:364,49
DA:365,95
DA:366,26
DA:369,17
DA:370,67
DA:373,17
DA:374,27
DA:375,25
DA:376,76
DA:390,6
DA:391,10
DA:392,11
DA:393,3
DA:394,53
DA:395,73
DA:396,2
DA:397,29
DA:398,30
DA:399,28
DA:400,29
DA:401,32
DA:402,33
DA:403,24
DA:404,24
DA:405,44
DA:406,19
DA:407,0
DA:408,2
DA:409,33
DA:410,84
DA:411,64
DA:412,25
DA:415,17
DA:416,62
DA:417,53
DA:420,1
DA:421,6
DA:422,11
DA:423,10
DA:424,11
DA:425,11
DA:426,8
DA:427,3
DA:428,37
DA:429,53
DA:430,26
DA:431,30
DA:432,43
DA:433,44
DA:434,28
DA:435,30
DA:436,44
DA:437,43
DA:438,66
DA:439,69
DA:440,72
DA:441,12
DA:442,9
DA:443,14
DA:444,13
DA:445,14
DA:446,10
DA:447,13
DA:448,74
DA:449,1
DA:452,1
DA:453,6
DA:454,11
DA:455,10
DA:456,11
DA:457,11
DA:458,8
DA:459,3
DA:460,65
DA:461,77
DA:464,6
DA:465,12
DA:466,37
DA:467,39
DA:468,31
DA:469,20
DA:470,1
DA:473,6
DA:474,15
DA:475,57
DA:476,70
DA:477,1
DA:480,10
DA:481,9
DA:482,34
DA:483,28
DA:484,21
DA:485,18
DA:486,7
DA:487,33
DA:488,62
DA:489,28
DA:490,0
DA:491,0
DA:495,1
DA:496,5
DA:497,7
DA:498,3
DA:499,48
LF:331
LH:315
end_of_record
TN:
SF:fixtures/corpus/manifest.ts
FNF:10
FNH:9
DA:50,0
DA:51,0
DA:52,0
DA:53,1
DA:56,16
DA:57,68
DA:58,12
DA:59,21
DA:60,33
DA:61,36
DA:62,35
DA:63,25
DA:64,23
DA:65,42
DA:66,69
DA:67,72
DA:68,57
DA:69,76
DA:70,59
DA:71,18
DA:72,2
DA:75,6
DA:76,9
DA:77,11
DA:78,3
DA:79,67
DA:82,6
DA:83,7
DA:84,11
DA:85,3
DA:86,57
DA:87,55
DA:88,53
DA:89,40
DA:90,60
DA:91,2
DA:92,2
DA:93,4
DA:94,19
DA:95,30
DA:96,47
DA:97,5
DA:98,12
DA:99,2
DA:100,101
DA:101,12
DA:102,2
DA:103,4
DA:104,30
DA:105,41
DA:106,59
DA:107,0
DA:108,0
DA:109,2
DA:110,12
DA:113,16
DA:114,23
DA:115,27
DA:116,20
DA:117,20
DA:118,26
DA:119,20
DA:120,24
DA:121,24
DA:122,42
DA:123,53
DA:124,40
DA:125,33
DA:126,28
DA:127,35
DA:128,36
DA:129,30
DA:130,22
DA:131,29
DA:132,29
DA:133,26
DA:134,4
DA:135,69
DA:136,30
DA:137,67
DA:138,2
DA:139,63
DA:140,54
DA:141,41
DA:142,27
DA:143,16
DA:146,11
DA:147,54
DA:148,86
DA:149,2
DA:150,83
DA:151,14
DA:154,11
DA:155,88
DA:156,30
DA:157,2
DA:158,82
DA:159,0
DA:160,2
DA:161,4
DA:162,41
DA:163,35
DA:164,22
DA:165,5
DA:166,30
DA:167,0
DA:168,0
DA:171,11
DA:172,4
DA:173,31
DA:174,26
DA:175,25
DA:176,33
DA:177,27
DA:178,5
DA:179,13
DA:180,2
DA:181,4
DA:182,25
DA:183,27
DA:184,41
DA:185,35
DA:186,29
DA:187,22
DA:188,5
DA:189,15
DA:190,0
DA:191,0
LF:128
LH:118
end_of_record
TN:
SF:packages/core/src/defined-name.ts
FNF:18
FNH:15
DA:13,87
DA:15,59
DA:16,26
DA:17,52
DA:18,49
DA:20,20
DA:21,55
DA:24,93
DA:25,92
DA:26,86
DA:27,45
DA:28,82
DA:29,114
DA:30,64
DA:31,58
DA:32,17
DA:33,9
DA:34,54
DA:35,54
DA:38,75
DA:39,91
DA:42,80
DA:43,81
DA:46,9
DA:47,12
DA:48,32
DA:49,34
DA:50,10
DA:51,55
DA:52,141
DA:53,9
DA:54,53
DA:55,162
DA:56,68
DA:57,9
DA:58,105
DA:61,0
DA:62,46
DA:65,78
DA:66,92
DA:67,60
DA:68,100
DA:69,102
DA:70,29
DA:73,20
DA:74,41
DA:77,28
DA:78,185
DA:81,0
DA:82,0
DA:83,0
DA:84,19
DA:87,34
DA:88,52
DA:89,62
DA:90,56
DA:91,72
DA:92,111
DA:93,80
DA:94,9
DA:95,111
DA:96,98
DA:97,9
DA:100,47
DA:101,98
DA:102,60
DA:103,99
DA:104,96
DA:105,5
DA:106,16
DA:109,50
DA:110,74
DA:111,152
DA:112,113
DA:115,36
DA:116,86
DA:117,87
DA:118,86
DA:119,17
DA:120,9
DA:121,114
DA:122,37
DA:123,44
DA:124,104
DA:125,9
DA:126,56
DA:129,41
DA:130,86
DA:131,87
DA:132,78
DA:133,17
DA:134,9
DA:135,118
DA:136,48
DA:137,48
DA:138,147
DA:140,2
LF:97
LH:93
end_of_record
TN:
SF:packages/core/src/ids.ts
FNF:3
FNH:3
DA:9,34
DA:11,11
DA:12,27
DA:15,11
DA:16,27
DA:19,11
DA:20,26
LF:7
LH:7
end_of_record
TN:
SF:packages/core/src/index.ts
FNF:1
FNH:1
DA:2,58
DA:12,92
DA:15,132
DA:51,48
DA:61,73
DA:75,50
DA:76,67
DA:90,56
LF:8
LH:8
end_of_record
TN:
SF:packages/core/src/refs.ts
FNF:9
FNH:9
DA:12,38
DA:14,14
DA:15,34
DA:16,50
DA:17,43
DA:18,17
DA:19,42
DA:20,52
DA:21,2
DA:22,27
DA:23,35
DA:24,13
DA:27,23
DA:29,11
DA:30,18
DA:31,20
DA:32,18
DA:33,29
DA:34,52
DA:35,31
DA:36,2
DA:37,14
DA:40,30
DA:41,38
DA:42,27
DA:43,37
DA:44,1
DA:46,16
DA:47,56
DA:50,35
DA:52,14
DA:53,25
DA:54,28
DA:55,37
DA:56,12
DA:57,39
DA:58,40
DA:59,2
DA:62,14
DA:63,34
DA:64,64
DA:65,14
DA:68,14
DA:69,46
DA:72,14
DA:73,12
DA:74,17
DA:76,32
DA:77,21
DA:78,57
DA:79,33
DA:80,2
DA:82,32
DA:83,28
DA:84,19
DA:85,34
DA:86,48
DA:88,66
DA:91,14
DA:92,54
DA:93,49
DA:96,16
DA:97,19
DA:98,64
DA:99,66
DA:100,29
DA:101,2
DA:102,2
DA:103,12
LF:69
LH:69
end_of_record
TN:
SF:packages/core/src/sheet.ts
FNF:22
FNH:11
DA:2,82
DA:4,92
DA:6,100
DA:273,1
DA:275,43
DA:276,72
DA:277,42
DA:278,64
DA:279,42
DA:280,42
DA:281,54
DA:282,58
DA:283,44
DA:284,60
DA:285,54
DA:286,48
DA:287,48
DA:288,52
DA:289,56
DA:290,60
DA:291,56
DA:292,50
DA:293,52
DA:294,60
DA:295,60
DA:296,66
DA:297,48
DA:298,140
DA:299,54
DA:300,54
DA:301,56
DA:302,52
DA:303,58
DA:304,58
DA:305,48
DA:306,48
DA:307,58
DA:308,64
DA:311,30
DA:312,68
DA:313,98
DA:314,92
DA:315,90
DA:316,92
DA:317,94
DA:318,156
DA:319,86
DA:320,94
DA:321,116
DA:322,124
DA:323,100
DA:324,100
DA:325,0
DA:326,0
DA:327,0
DA:328,0
DA:329,0
DA:330,0
DA:331,0
DA:332,14
DA:333,110
DA:334,157
DA:335,50
DA:338,21
DA:339,88
DA:340,66
DA:341,54
DA:342,54
DA:343,50
DA:344,66
DA:345,58
DA:346,70
DA:347,58
DA:348,70
DA:349,70
DA:350,66
DA:351,62
DA:352,70
DA:353,82
DA:354,62
DA:355,66
DA:356,82
DA:357,90
DA:358,102
DA:359,66
DA:360,74
DA:361,70
DA:362,70
DA:363,74
DA:364,66
DA:365,78
DA:366,78
DA:367,66
DA:368,66
DA:369,78
DA:370,90
DA:371,48
DA:372,42
DA:373,22
DA:375,2
DA:377,59
DA:378,55
DA:381,43
DA:382,24
DA:383,60
DA:384,46
DA:385,5
DA:388,47
DA:389,30
DA:390,22
DA:391,101
DA:392,32
DA:393,115
DA:394,47
DA:395,141
DA:396,21
DA:397,45
DA:398,75
DA:399,11
DA:400,21
DA:401,37
DA:402,14
DA:403,46
DA:404,50
DA:405,166
DA:406,10
DA:407,7
DA:408,7
DA:409,5
DA:412,40
DA:413,30
DA:414,20
DA:415,68
DA:416,124
DA:417,155
DA:418,35
DA:419,7
DA:420,23
DA:421,24
DA:422,83
DA:423,5
DA:424,6
DA:425,19
DA:426,104
DA:427,5
DA:430,0
DA:431,0
DA:432,0
DA:433,0
DA:434,4
DA:437,0
DA:438,0
DA:439,0
DA:440,0
DA:441,0
DA:442,0
DA:443,0
DA:444,26
LF:158
LH:140
end_of_record
TN:
SF:packages/core/src/sparse-grid.ts
FNF:111
FNH:93
DA:2,214
DA:10,88
DA:52,76
DA:53,70
DA:54,68
DA:55,86
DA:56,102
DA:58,88
DA:60,70
DA:61,68
DA:62,48
DA:63,56
DA:67,90
DA:68,84
DA:69,88
DA:70,88
DA:71,92
DA:72,84
DA:73,80
DA:74,82
DA:120,25
DA:121,32
DA:122,31
DA:124,32
DA:125,82
DA:126,104
DA:127,68
DA:128,56
DA:129,56
DA:130,25
DA:133,26
DA:134,62
DA:136,2
DA:138,40
DA:139,39
DA:141,21
DA:142,51
DA:145,21
DA:146,66
DA:147,93
DA:148,64
DA:149,9
DA:150,29
DA:153,39
DA:154,73
DA:157,43
DA:158,73
DA:161,43
DA:162,101
DA:165,71
DA:166,129
DA:169,46
DA:170,88
DA:171,51
DA:172,195
DA:173,45
DA:174,11
DA:177,0
DA:178,0
DA:179,0
DA:180,52
DA:183,71
DA:184,88
DA:185,111
DA:186,97
DA:189,47
DA:190,91
DA:193,47
DA:194,91
DA:197,51
DA:198,99
DA:201,0
DA:202,0
DA:203,0
DA:204,0
DA:205,0
DA:206,0
DA:207,0
DA:208,0
DA:209,0
DA:210,0
DA:211,0
DA:212,9
DA:215,55
DA:216,74
DA:217,138
DA:218,66
DA:219,101
DA:220,70
DA:221,9
DA:222,31
DA:225,42
DA:226,79
DA:229,12
DA:230,20
DA:231,26
DA:232,26
DA:233,8
DA:234,10
DA:235,86
DA:236,151
DA:237,108
DA:238,78
DA:239,9
DA:242,0
DA:243,0
DA:244,0
DA:245,0
DA:246,0
DA:247,0
DA:248,0
DA:249,0
DA:250,0
DA:251,0
DA:252,0
DA:253,0
DA:254,0
DA:255,0
DA:256,6
DA:258,2
DA:260,66
DA:261,49
DA:263,38
DA:264,98
DA:265,102
DA:266,120
DA:267,140
DA:268,150
DA:269,96
DA:270,84
DA:271,80
DA:272,80
DA:273,36
DA:274,44
DA:275,40
DA:276,26
DA:277,42
DA:278,46
DA:279,30
DA:280,36
DA:281,54
DA:282,54
DA:283,48
DA:284,44
DA:285,0
DA:286,0
DA:287,0
DA:288,25
DA:291,0
DA:292,0
DA:293,0
DA:294,0
DA:295,0
DA:296,0
DA:297,0
DA:298,0
DA:299,0
DA:300,0
DA:301,18
DA:304,39
DA:305,141
DA:308,43
DA:309,78
DA:310,82
DA:311,72
DA:312,38
DA:313,90
DA:314,110
DA:315,110
DA:316,38
DA:317,151
DA:318,63
DA:319,27
DA:320,32
DA:321,99
DA:322,67
DA:323,27
DA:324,149
DA:325,57
DA:328,43
DA:329,78
DA:330,82
DA:331,59
DA:332,51
DA:333,39
DA:336,71
DA:337,84
DA:338,44
DA:339,52
DA:340,62
DA:341,66
DA:342,62
DA:343,22
DA:344,9
DA:347,46
DA:348,83
DA:349,82
DA:350,165
DA:351,61
DA:352,11
DA:355,0
DA:356,0
DA:357,65
DA:360,0
DA:361,0
DA:362,65
DA:365,47
DA:366,128
DA:369,47
DA:370,78
DA:371,91
DA:374,51
DA:375,78
DA:376,83
DA:379,0
DA:380,85
DA:383,13
DA:384,24
DA:385,14
DA:386,18
DA:387,18
DA:388,26
DA:389,26
DA:390,10
DA:391,67
DA:392,98
DA:393,94
DA:394,138
DA:395,40
DA:396,102
DA:397,9
DA:398,63
DA:399,32
DA:400,182
DA:401,29
DA:402,34
DA:403,38
DA:404,24
DA:405,32
DA:406,18
DA:407,26
DA:408,6
DA:409,18
DA:410,22
DA:411,20
DA:412,29
DA:413,34
DA:414,38
DA:415,24
DA:416,32
DA:417,18
DA:418,6
DA:419,66
DA:420,18
DA:421,22
DA:422,20
DA:423,29
DA:424,36
DA:425,38
DA:426,24
DA:427,34
DA:428,18
DA:429,39
DA:430,6
DA:431,18
DA:432,22
DA:433,20
DA:434,29
DA:435,32
DA:436,38
DA:437,24
DA:438,30
DA:439,18
DA:440,6
DA:441,66
DA:442,18
DA:443,22
DA:444,20
DA:445,29
DA:446,30
DA:447,202
DA:448,51
DA:450,194
DA:451,24
DA:455,55
DA:456,67
DA:457,98
DA:458,94
DA:459,138
DA:460,40
DA:461,102
DA:462,9
DA:463,38
DA:464,24
DA:465,20
DA:466,28
DA:467,46
DA:468,40
DA:469,28
DA:470,36
DA:471,28
DA:472,12
DA:473,29
DA:476,0
DA:477,0
DA:478,0
DA:479,0
DA:480,0
DA:481,0
DA:482,0
DA:483,0
DA:484,0
DA:485,0
DA:486,0
DA:487,0
DA:488,0
DA:489,0
DA:490,18
DA:493,81
DA:494,35
DA:495,100
DA:496,51
DA:497,88
DA:498,84
DA:499,31
DA:500,194
DA:501,199
DA:503,14
DA:504,50
DA:505,26
DA:506,49
DA:507,47
DA:508,11
DA:509,60
DA:510,58
DA:511,9
DA:512,40
DA:513,14
DA:517,0
DA:518,0
DA:519,0
DA:520,0
DA:521,0
DA:522,0
DA:523,0
DA:524,0
DA:525,0
DA:526,0
DA:527,0
DA:528,38
DA:531,43
DA:532,117
DA:535,15
DA:536,24
DA:537,10
DA:538,18
DA:539,26
DA:540,20
DA:541,18
DA:542,26
DA:543,22
DA:544,10
DA:545,112
DA:546,80
DA:547,84
DA:548,86
DA:549,57
DA:550,156
DA:551,80
DA:552,82
DA:553,74
DA:554,10
DA:555,75
DA:556,172
DA:557,96
DA:558,90
DA:559,92
DA:560,10
DA:561,65
DA:562,164
DA:563,88
DA:564,86
DA:565,88
DA:566,10
DA:569,12
DA:570,20
DA:571,26
DA:572,26
DA:573,8
DA:574,10
DA:575,116
DA:576,122
DA:577,122
DA:578,162
DA:579,102
DA:580,98
DA:581,86
DA:582,72
DA:583,135
DA:584,88
DA:585,96
DA:586,86
DA:587,42
DA:588,94
DA:589,114
DA:590,114
DA:591,38
DA:592,151
DA:593,63
DA:594,31
DA:595,32
DA:596,99
DA:597,67
DA:598,31
DA:599,191
DA:600,74
DA:601,9
DA:604,0
DA:605,0
DA:606,0
DA:607,0
DA:608,0
DA:609,0
DA:610,0
DA:611,0
DA:612,0
DA:613,0
DA:614,0
DA:615,0
DA:616,0
DA:617,0
DA:618,0
DA:619,0
DA:620,0
DA:621,0
DA:622,0
DA:623,6
DA:625,2
DA:629,52
DA:630,44
DA:631,52
DA:632,58
DA:633,46
DA:634,64
DA:635,34
DA:636,36
DA:637,74
DA:638,74
DA:639,74
DA:640,74
DA:641,46
DA:642,60
DA:643,44
DA:644,43
DA:646,48
DA:647,72
DA:651,46
DA:652,78
DA:653,78
DA:654,124
DA:655,48
DA:656,115
DA:659,35
DA:660,82
DA:661,99
DA:664,47
DA:665,178
DA:668,13
DA:669,10
DA:670,10
DA:671,14
DA:672,18
DA:673,18
DA:674,26
DA:675,10
DA:676,52
DA:677,78
DA:678,78
DA:679,150
DA:680,88
DA:681,35
DA:682,42
DA:683,82
DA:684,64
DA:685,9
DA:686,70
DA:687,37
DA:688,74
DA:689,64
DA:690,80
DA:691,9
DA:692,140
DA:693,84
DA:694,79
DA:695,180
DA:696,27
DA:697,190
DA:698,112
DA:699,139
DA:701,41
DA:702,48
DA:703,142
DA:704,9
DA:705,64
DA:708,38
DA:709,52
DA:710,78
DA:711,78
DA:712,150
DA:713,92
DA:714,72
DA:715,66
DA:716,140
DA:717,90
DA:718,70
DA:719,44
DA:720,59
DA:721,58
DA:722,84
DA:723,75
DA:724,80
DA:725,68
DA:726,9
DA:727,9
DA:728,8
DA:729,48
DA:730,48
DA:731,48
DA:732,43
DA:733,14
DA:734,58
DA:735,9
DA:736,29
DA:739,40
DA:740,78
DA:741,78
DA:742,150
DA:743,189
DA:746,41
DA:747,85
DA:750,40
DA:751,78
DA:752,78
DA:753,150
DA:754,149
DA:757,42
DA:758,78
DA:759,78
DA:760,150
DA:761,171
DA:764,0
DA:765,0
DA:766,0
DA:767,0
DA:768,0
DA:769,100
DA:773,41
DA:774,78
DA:775,78
DA:776,150
DA:777,14
DA:778,191
DA:782,43
DA:783,78
DA:784,78
DA:785,150
DA:786,157
DA:789,43
DA:790,78
DA:791,78
DA:792,150
DA:793,157
DA:796,47
DA:797,78
DA:798,78
DA:799,150
DA:800,165
DA:803,0
DA:804,0
DA:805,0
DA:806,0
DA:807,0
DA:808,0
DA:809,0
DA:810,0
DA:811,0
DA:812,49
DA:815,35
DA:816,78
DA:817,78
DA:818,150
DA:819,160
DA:822,33
DA:823,135
DA:824,87
DA:825,58
DA:826,9
DA:827,10
DA:830,21
DA:831,20
DA:832,20
DA:833,16
DA:834,16
DA:835,8
DA:836,10
DA:837,78
DA:838,98
DA:839,90
DA:840,98
DA:841,90
DA:843,155
DA:844,96
DA:845,64
DA:846,160
DA:847,157
DA:849,159
DA:850,112
DA:851,163
DA:852,86
DA:853,82
DA:854,168
DA:855,165
DA:856,98
DA:857,167
DA:858,130
DA:859,144
DA:860,164
DA:861,17
DA:862,13
DA:863,9
DA:864,9
DA:867,30
DA:868,111
DA:869,62
DA:870,154
DA:871,44
DA:872,9
DA:875,0
DA:876,0
DA:877,0
DA:878,0
DA:879,0
DA:880,0
DA:881,0
DA:882,0
DA:883,0
DA:884,0
DA:885,0
DA:886,0
DA:887,17
DA:890,25
DA:891,94
DA:892,87
DA:893,28
DA:894,108
DA:895,98
DA:896,10
DA:899,22
DA:900,111
DA:901,87
DA:902,58
DA:903,9
DA:904,11
DA:907,26
DA:908,84
DA:909,108
DA:910,93
DA:911,96
DA:912,64
DA:913,140
DA:914,131
DA:915,112
DA:916,56
DA:917,101
DA:918,86
DA:919,74
DA:920,98
DA:921,149
DA:922,130
DA:923,149
DA:924,20
DA:925,17
DA:926,122
DA:927,9
DA:928,11
DA:931,20
DA:932,13
DA:933,10
DA:934,78
DA:935,112
DA:936,104
DA:937,155
DA:938,96
DA:939,64
DA:940,140
DA:941,164
DA:942,161
DA:943,139
DA:944,112
DA:945,56
DA:946,101
DA:947,86
DA:948,74
DA:949,110
DA:950,114
DA:951,186
DA:952,40
DA:953,170
DA:954,40
DA:955,171
DA:956,171
DA:957,130
DA:958,161
DA:959,20
DA:960,17
DA:961,122
DA:962,9
DA:963,10
DA:966,25
DA:967,51
DA:970,21
DA:971,58
DA:972,66
DA:973,68
DA:974,60
DA:975,48
DA:976,50
DA:977,88
DA:978,88
DA:979,88
DA:980,88
DA:981,60
DA:982,58
DA:983,58
DA:986,44
DA:987,108
DA:988,52
DA:989,80
DA:990,78
DA:991,88
DA:992,148
DA:993,52
DA:994,11
DA:995,9
DA:996,185
DA:999,44
DA:1000,108
DA:1001,52
DA:1002,80
DA:1003,78
DA:1004,88
DA:1005,148
DA:1006,61
DA:1007,11
DA:1008,9
DA:1009,66
DA:1010,89
DA:1011,116
DA:1012,121
DA:1013,20
DA:1016,44
DA:1017,195
DA:1020,44
DA:1021,66
DA:1022,89
DA:1023,116
DA:1024,121
DA:1025,30
DA:1028,21
DA:1029,66
DA:1030,50
DA:1031,31
DA:1034,34
DA:1035,75
DA:1036,68
DA:1037,86
DA:1038,113
DA:1039,34
DA:1040,10
DA:1041,10
DA:1042,56
DA:1043,28
DA:1044,28
DA:1045,32
DA:1046,16
DA:1047,13
DA:1048,76
DA:1049,70
DA:1050,72
DA:1051,64
DA:1052,84
DA:1053,80
DA:1054,68
DA:1055,68
DA:1056,68
DA:1057,68
DA:1058,88
DA:1059,54
DA:1060,17
DA:1061,9
DA:1062,74
DA:1063,66
DA:1064,68
DA:1065,60
DA:1066,82
DA:1067,78
DA:1068,66
DA:1069,66
DA:1070,66
DA:1071,66
DA:1072,86
DA:1073,48
DA:1074,50
DA:1077,31
DA:1078,89
DA:1079,125
DA:1080,178
DA:1081,99
DA:1082,84
DA:1083,66
DA:1084,51
DA:1085,7
DA:1086,13
DA:1087,54
DA:1088,9
DA:1089,138
DA:1090,51
DA:1093,30
DA:1094,68
DA:1095,68
DA:1096,66
DA:1097,107
DA:1098,62
DA:1099,93
DA:1100,76
DA:1101,118
DA:1102,13
DA:1103,84
DA:1104,9
DA:1105,70
DA:1106,66
DA:1107,68
DA:1108,76
DA:1109,50
DA:1112,40
DA:1113,78
DA:1114,78
DA:1115,150
DA:1116,149
DA:1119,44
DA:1120,102
DA:1121,102
DA:1122,102
DA:1123,102
DA:1126,0
DA:1127,0
DA:1128,0
DA:1129,0
DA:1130,0
DA:1131,0
DA:1132,0
DA:1133,0
DA:1134,0
DA:1135,0
DA:1136,0
DA:1137,0
DA:1138,0
DA:1139,32
DA:1142,0
DA:1143,0
DA:1144,0
DA:1145,0
DA:1146,0
DA:1147,0
DA:1148,0
DA:1149,0
DA:1150,0
DA:1151,0
DA:1152,0
DA:1153,0
DA:1154,0
DA:1155,99
DA:1158,0
DA:1159,0
DA:1160,0
DA:1161,0
DA:1162,0
DA:1163,0
DA:1164,0
DA:1165,0
DA:1166,0
DA:1167,0
DA:1168,0
DA:1169,0
DA:1170,0
DA:1171,0
DA:1172,0
DA:1173,0
DA:1174,0
DA:1175,31
DA:1178,20
DA:1179,18
DA:1180,16
DA:1181,10
DA:1182,100
DA:1183,64
DA:1184,80
DA:1185,107
DA:1186,78
DA:1187,68
DA:1188,34
DA:1189,24
DA:1190,24
DA:1191,56
DA:1192,28
DA:1193,28
DA:1194,32
DA:1195,12
DA:1196,9
DA:1197,72
DA:1198,66
DA:1199,68
DA:1200,60
DA:1201,76
DA:1202,64
DA:1203,64
DA:1204,64
DA:1205,64
DA:1206,84
DA:1207,50
DA:1210,52
DA:1211,66
DA:1212,69
DA:1213,72
DA:1214,17
DA:1215,9
DA:1216,86
DA:1219,34
DA:1220,128
DA:1221,134
DA:1222,70
DA:1223,33
DA:1226,20
DA:1227,20
DA:1228,12
DA:1229,10
DA:1230,110
DA:1231,68
DA:1232,114
DA:1233,96
DA:1234,33
DA:1237,21
DA:1238,20
DA:1239,20
DA:1240,12
DA:1241,14
DA:1242,10
DA:1243,110
DA:1244,102
DA:1245,110
DA:1246,62
DA:1247,58
DA:1248,70
DA:1249,29
DA:1252,33
DA:1253,95
DA:1254,178
DA:1255,9
DA:1256,30
DA:1258,2
DA:1260,70
DA:1261,93
DA:1264,36
DA:1265,64
DA:1266,12
DA:1267,74
DA:1268,44
DA:1269,42
DA:1270,51
DA:1273,57
DA:1274,97
DA:1275,69
DA:1276,30
DA:1279,44
DA:1280,124
DA:1281,122
DA:1282,27
DA:1285,29
DA:1286,14
DA:1287,18
DA:1288,18
DA:1289,26
DA:1290,26
DA:1291,6
DA:1292,59
DA:1293,28
DA:1294,32
DA:1295,54
DA:1296,32
DA:1297,32
DA:1298,40
DA:1299,62
DA:1300,56
DA:1301,52
DA:1302,17
DA:1303,30
DA:1304,32
DA:1305,56
DA:1306,32
DA:1307,32
DA:1308,40
DA:1309,66
DA:1310,56
DA:1311,52
DA:1312,17
DA:1313,30
DA:1314,32
DA:1315,56
DA:1316,32
DA:1317,32
DA:1318,40
DA:1319,62
DA:1320,100
DA:1321,52
DA:1322,17
DA:1323,32
DA:1324,32
DA:1325,58
DA:1326,32
DA:1327,32
DA:1328,40
DA:1329,79
DA:1330,56
DA:1331,52
DA:1332,17
DA:1333,28
DA:1334,32
DA:1335,54
DA:1336,32
DA:1337,32
DA:1338,40
DA:1339,62
DA:1340,100
DA:1341,52
DA:1342,17
DA:1343,26
DA:1344,32
DA:1345,52
DA:1346,32
DA:1347,32
DA:1348,40
DA:1349,68
DA:1350,56
DA:1351,52
DA:1352,35
DA:1354,32
DA:1355,52
DA:1356,32
DA:1357,32
DA:1358,40
DA:1359,62
DA:1360,56
DA:1361,44
DA:1362,8
DA:1366,69
DA:1367,44
DA:1368,24
DA:1369,106
DA:1370,52
DA:1371,52
DA:1372,62
DA:1373,5
DA:1376,23
DA:1377,12
DA:1378,26
DA:1379,6
DA:1380,44
DA:1381,55
DA:1382,40
DA:1383,39
DA:1384,42
DA:1385,97
DA:1386,42
DA:1387,131
DA:1388,44
DA:1389,115
DA:1390,40
DA:1391,129
DA:1392,38
DA:1393,93
DA:1394,38
DA:1395,48
DA:1399,24
DA:1400,10
DA:1401,16
DA:1402,20
DA:1403,22
DA:1404,26
DA:1405,6
DA:1406,45
DA:1407,40
DA:1408,39
DA:1409,42
DA:1410,62
DA:1411,21
DA:1412,58
DA:1413,22
DA:1414,43
DA:1415,20
DA:1416,57
DA:1417,19
DA:1418,34
DA:1419,19
DA:1420,31
DA:1424,40
DA:1425,44
DA:1426,150
DA:1429,37
DA:1430,45
DA:1431,40
DA:1432,43
DA:1433,42
DA:1434,45
DA:1435,42
DA:1436,45
DA:1437,44
DA:1438,47
DA:1439,40
DA:1440,38
DA:1441,19
DA:1442,23
DA:1443,21
DA:1444,19
DA:1445,6
LF:1134
LH:975
end_of_record
TN:
SF:packages/core/src/style-clone.ts
FNF:2
FNH:1
DA:3,16
DA:4,15
DA:5,12
DA:6,53
DA:7,7
DA:8,12
DA:9,7
DA:10,18
DA:11,22
DA:12,69
DA:13,35
DA:14,21
DA:15,0
DA:16,0
DA:17,0
DA:18,0
DA:19,0
DA:20,0
DA:21,0
DA:22,0
DA:23,2
DA:24,7
DA:25,5
DA:26,1
DA:27,7
DA:28,14
DA:29,0
DA:30,0
DA:31,0
DA:32,0
DA:33,0
DA:34,0
DA:35,0
DA:36,0
DA:37,0
DA:38,0
DA:39,0
DA:40,0
DA:41,0
DA:42,0
DA:43,0
DA:44,0
DA:45,0
DA:46,0
DA:47,0
DA:48,0
DA:49,0
DA:50,0
DA:51,0
DA:52,0
DA:53,0
DA:54,0
DA:55,0
DA:56,0
DA:57,0
DA:58,0
DA:59,0
DA:60,0
DA:61,0
DA:62,0
DA:63,0
DA:64,0
DA:65,0
DA:66,0
DA:67,0
DA:68,0
DA:69,0
DA:70,0
DA:71,0
DA:72,0
DA:73,0
DA:74,0
DA:75,0
DA:76,0
DA:77,2
DA:78,9
DA:79,28
DA:80,31
DA:81,23
DA:82,1
LF:80
LH:24
end_of_record
TN:
SF:packages/core/src/style-registry.ts
FNF:27
FNH:27
DA:1,88
DA:4,94
DA:5,103
DA:7,36
DA:8,77
DA:9,50
DA:10,58
DA:11,5
DA:12,19
DA:15,37
DA:16,31
DA:17,61
DA:20,36
DA:21,68
DA:22,42
DA:23,58
DA:24,52
DA:25,61
DA:28,39
DA:29,42
DA:30,52
DA:31,52
DA:32,60
DA:33,72
DA:34,76
DA:35,29
DA:36,74
DA:37,62
DA:38,64
DA:39,68
DA:40,100
DA:41,82
DA:42,62
DA:43,5
DA:44,29
DA:45,80
DA:46,70
DA:47,70
DA:48,51
DA:49,96
DA:50,26
DA:51,6
DA:52,161
DA:53,15
DA:54,26
DA:55,6
DA:56,128
DA:57,15
DA:58,26
DA:59,6
DA:60,131
DA:61,15
DA:62,26
DA:63,6
DA:64,125
DA:65,15
DA:66,26
DA:67,6
DA:68,134
DA:69,15
DA:70,97
DA:71,114
DA:72,70
DA:73,9
DA:74,5
DA:75,5
DA:76,33
DA:77,76
DA:78,82
DA:79,78
DA:80,80
DA:81,86
DA:82,80
DA:83,80
DA:84,5
DA:85,39
DA:86,96
DA:87,92
DA:88,82
DA:89,88
DA:90,88
DA:91,76
DA:92,84
DA:93,5
DA:94,88
DA:95,41
DA:96,80
DA:97,76
DA:98,5
DA:99,31
DA:102,53
DA:103,14
DA:104,74
DA:105,74
DA:106,86
DA:107,104
DA:108,88
DA:109,105
DA:113,20
DA:114,12
DA:115,14
DA:116,6
DA:117,14
DA:118,60
DA:119,60
DA:120,60
DA:121,68
DA:122,80
DA:123,96
DA:124,79
DA:128,20
DA:129,12
DA:130,14
DA:131,6
DA:132,14
DA:133,72
DA:134,92
DA:135,92
DA:136,97
DA:140,22
DA:141,12
DA:142,14
DA:143,6
DA:144,14
DA:145,86
DA:146,98
DA:147,90
DA:148,94
DA:149,106
DA:150,84
DA:151,87
DA:155,25
DA:156,12
DA:157,14
DA:158,6
DA:159,14
DA:160,84
DA:161,76
DA:162,76
DA:163,88
DA:164,92
DA:165,68
DA:166,87
DA:170,26
DA:171,12
DA:172,14
DA:173,6
DA:174,145
DA:177,56
DA:178,70
DA:179,39
DA:180,4
DA:181,28
DA:182,32
DA:183,28
DA:184,30
DA:185,26
DA:186,32
DA:187,42
DA:188,5
DA:189,15
DA:190,3
DA:191,48
DA:192,35
DA:193,37
DA:194,51
DA:195,102
DA:196,17
DA:197,3
DA:198,3
DA:199,14
DA:202,53
DA:203,72
DA:204,120
DA:205,57
DA:206,28
DA:207,189
DA:208,24
DA:209,121
DA:210,32
DA:211,155
DA:213,28
DA:217,58
DA:218,157
DA:221,37
DA:222,42
DA:223,52
DA:224,57
DA:225,58
DA:226,148
DA:227,66
DA:228,50
DA:229,74
DA:230,54
DA:231,6
DA:232,19
DA:235,42
DA:236,42
DA:237,66
DA:238,59
DA:241,32
DA:242,33
DA:245,37
DA:246,119
DA:249,40
DA:250,40
DA:251,41
DA:252,65
DA:253,113
DA:254,39
DA:255,5
DA:256,41
DA:257,70
DA:258,156
DA:259,156
DA:260,63
DA:261,56
DA:262,56
DA:263,123
DA:264,30
DA:265,74
DA:266,17
DA:267,12
DA:268,9
DA:269,42
DA:270,5
DA:271,45
DA:272,44
DA:273,154
DA:274,172
DA:275,160
DA:276,166
DA:277,128
DA:278,190
DA:279,202
DA:280,50
DA:281,5
DA:282,134
DA:283,166
DA:284,140
DA:285,29
DA:291,1
DA:293,27
DA:294,130
DA:297,34
DA:298,68
DA:299,92
DA:300,37
DA:301,67
DA:302,68
DA:303,112
DA:304,9
DA:305,9
DA:307,52
DA:308,68
DA:309,104
DA:310,78
DA:311,29
DA:312,26
DA:313,68
DA:314,9
DA:315,30
DA:316,25
DA:319,23
DA:320,55
DA:323,20
DA:324,57
DA:327,21
DA:328,72
DA:329,50
DA:330,31
DA:333,34
DA:334,62
DA:335,82
DA:336,46
DA:337,48
DA:340,30
DA:341,66
DA:342,70
DA:343,68
DA:344,62
DA:345,83
DA:346,88
DA:347,9
DA:348,47
DA:350,2
DA:352,40
DA:353,184
DA:354,46
DA:355,93
DA:356,40
DA:357,5
DA:358,27
LF:293
LH:293
end_of_record
TN:
SF:packages/core/src/workbook.ts
FNF:14
FNH:9
DA:1,110
DA:2,116
DA:3,88
DA:5,82
DA:7,100
DA:8,104
DA:130,1
DA:132,31
DA:133,78
DA:134,92
DA:137,40
DA:138,80
DA:139,56
DA:140,56
DA:141,31
DA:144,30
DA:145,59
DA:146,66
DA:147,105
DA:148,80
DA:149,72
DA:150,9
DA:151,9
DA:152,53
DA:155,40
DA:156,104
DA:157,115
DA:161,36
DA:162,56
DA:165,43
DA:166,176
DA:167,66
DA:168,66
DA:169,56
DA:170,29
DA:173,21
DA:174,80
DA:175,62
DA:176,48
DA:177,114
DA:178,12
DA:179,124
DA:180,157
DA:181,104
DA:182,104
DA:183,93
DA:184,20
DA:185,54
DA:186,124
DA:187,87
DA:188,153
DA:189,11
DA:190,7
DA:191,17
DA:192,137
DA:193,121
DA:194,73
DA:195,17
DA:196,152
DA:197,151
DA:198,110
DA:199,148
DA:200,102
DA:201,78
DA:202,164
DA:203,132
DA:204,132
DA:205,48
DA:206,0
DA:207,0
DA:208,0
DA:209,4
DA:210,12
DA:211,116
DA:212,138
DA:213,124
DA:214,30
DA:216,2
DA:218,50
DA:219,49
LF:80
LH:77
end_of_record
TN:
SF:packages/engine/src/analysis.ts
FNF:35
FNH:35
DA:1,43
DA:3,116
DA:10,45
DA:11,74
DA:18,58
DA:19,104
DA:23,55
DA:24,65
DA:131,49
DA:132,52
DA:133,42
DA:135,19
DA:136,24
DA:137,52
DA:138,37
DA:139,28
DA:140,41
DA:141,2
DA:142,13
DA:145,6
DA:146,16
DA:147,11
DA:148,14
DA:149,3
DA:150,70
DA:153,1
DA:154,10
DA:155,12
DA:156,5
DA:157,5
DA:158,6
DA:159,10
DA:160,3
DA:161,30
DA:162,52
DA:163,37
DA:164,31
DA:165,57
DA:166,8
DA:167,46
DA:168,39
DA:169,5
DA:170,48
DA:171,83
DA:172,50
DA:173,16
DA:176,1
DA:177,16
DA:178,9
DA:184,18
DA:185,3
DA:186,47
DA:187,56
DA:188,39
DA:189,41
DA:190,61
DA:191,26
DA:192,32
DA:193,20
DA:194,73
DA:195,31
DA:197,36
DA:198,66
DA:199,85
DA:200,43
DA:201,57
DA:202,27
DA:203,33
DA:204,19
DA:205,2
DA:206,50
DA:207,4
DA:208,50
DA:209,50
DA:210,45
DA:211,46
DA:212,28
DA:213,5
DA:214,6
DA:215,2
DA:217,12
DA:218,24
DA:219,30
DA:220,40
DA:221,44
DA:222,42
DA:223,37
DA:224,34
DA:225,2
DA:228,6
DA:229,10
DA:230,14
DA:231,3
DA:232,24
DA:233,62
DA:234,31
DA:235,2
DA:236,56
DA:237,27
DA:238,36
DA:239,35
DA:241,79
DA:242,46
DA:243,28
DA:244,41
DA:245,63
DA:246,44
DA:247,51
DA:248,75
DA:250,50
DA:251,89
DA:252,16
DA:253,93
DA:254,22
DA:255,21
DA:256,17
DA:257,35
DA:258,10
DA:259,12
DA:260,5
DA:261,5
DA:262,6
DA:263,17
DA:264,12
DA:265,28
DA:266,33
DA:267,18
DA:268,25
DA:269,36
DA:270,18
DA:271,18
DA:272,57
DA:273,23
DA:274,30
DA:275,44
DA:276,15
DA:277,8
DA:278,10
DA:279,35
DA:281,34
DA:282,5
DA:283,10
DA:284,16
DA:285,12
DA:286,4
DA:287,16
DA:288,10
DA:289,50
DA:290,61
DA:291,16
DA:292,31
DA:293,29
DA:294,10
DA:295,27
DA:296,14
DA:297,21
DA:298,32
DA:299,14
DA:300,14
DA:301,52
DA:302,14
DA:303,15
DA:304,22
DA:305,59
DA:306,10
DA:307,35
DA:308,45
DA:309,4
DA:310,2
DA:311,2
DA:313,48
DA:314,76
DA:315,16
DA:318,6
DA:319,6
DA:333,3
DA:334,15
DA:335,68
DA:338,6
DA:339,10
DA:340,12
DA:341,5
DA:342,5
DA:343,6
DA:354,3
DA:355,41
DA:356,35
DA:357,67
DA:358,71
DA:359,20
DA:360,84
DA:363,1
DA:364,10
DA:365,12
DA:366,5
DA:367,5
DA:368,6
DA:379,19
DA:380,3
DA:381,35
DA:382,36
DA:383,66
DA:384,44
DA:385,54
DA:386,72
DA:387,13
DA:388,4
DA:389,18
DA:390,90
DA:391,21
DA:392,49
DA:393,16
DA:394,17
DA:395,76
DA:396,1
DA:397,0
DA:398,2
DA:399,18
DA:400,0
DA:401,0
DA:402,0
DA:403,0
DA:404,2
DA:405,39
DA:408,1
DA:409,10
DA:410,12
DA:411,9
DA:412,3
DA:413,28
DA:414,45
DA:415,14
DA:416,83
DA:417,18
DA:418,45
DA:419,30
DA:422,1
DA:423,11
DA:424,11
DA:425,5
DA:426,5
DA:427,3
DA:428,40
DA:429,17
DA:430,36
DA:431,36
DA:432,47
DA:433,8
DA:434,53
DA:435,50
DA:436,3
DA:439,6
DA:440,10
DA:441,14
DA:442,3
DA:443,24
DA:444,55
DA:445,31
DA:446,2
DA:447,61
DA:448,72
DA:449,22
DA:450,42
DA:451,48
DA:452,30
DA:453,36
DA:454,43
DA:455,84
DA:456,4
DA:457,69
DA:458,16
DA:461,6
DA:462,10
DA:463,14
DA:464,3
DA:465,24
DA:466,65
DA:467,31
DA:468,2
DA:469,61
DA:470,73
DA:473,1
DA:474,10
DA:475,9
DA:476,14
DA:477,3
DA:478,46
DA:479,35
DA:480,53
DA:481,91
DA:482,49
DA:483,41
DA:484,97
DA:485,2
DA:486,48
DA:487,28
DA:488,32
DA:489,49
DA:490,2
DA:491,22
DA:492,20
DA:493,21
DA:494,11
DA:495,14
DA:496,40
DA:497,4
DA:498,70
DA:499,16
DA:502,19
DA:503,48
DA:504,51
DA:505,41
DA:508,33
DA:509,68
DA:510,31
DA:512,67
DA:513,57
DA:514,55
DA:515,43
DA:516,35
DA:518,36
DA:519,53
DA:520,46
DA:521,11
DA:522,0
DA:523,0
DA:524,0
DA:525,0
DA:526,4
DA:527,46
DA:528,13
DA:529,0
DA:530,0
DA:531,0
DA:532,0
DA:533,0
DA:534,0
DA:535,0
DA:536,0
DA:537,0
DA:538,0
DA:539,4
DA:540,20
DA:541,57
DA:542,54
DA:543,6
DA:544,26
DA:545,0
DA:546,0
DA:547,0
DA:548,0
DA:549,0
DA:550,0
DA:551,0
DA:552,0
DA:553,0
DA:554,0
DA:555,4
DA:557,85
DA:558,73
DA:559,15
DA:560,0
DA:561,0
DA:562,0
DA:563,0
DA:564,0
DA:565,0
DA:566,0
DA:567,0
DA:568,0
DA:569,0
DA:570,0
DA:571,0
DA:572,0
DA:573,0
DA:574,0
DA:575,4
DA:577,29
DA:578,34
DA:579,5
DA:580,10
DA:581,16
DA:582,12
DA:583,4
DA:584,16
DA:585,6
DA:586,46
DA:587,23
DA:588,10
DA:589,17
DA:590,28
DA:591,10
DA:592,10
DA:593,48
DA:594,10
DA:595,11
DA:596,12
DA:597,6
DA:598,31
DA:600,83
DA:601,22
DA:602,53
DA:603,52
DA:604,34
DA:605,38
DA:606,5
DA:607,15
DA:608,19
DA:609,18
DA:610,8
DA:611,4
DA:612,4
DA:613,22
DA:614,45
DA:615,52
DA:616,34
DA:617,38
DA:618,5
DA:619,15
DA:620,19
DA:621,18
DA:622,8
DA:623,4
DA:624,2
DA:625,2
DA:628,6
DA:629,10
DA:630,17
DA:631,6
DA:632,4
DA:633,7
DA:634,3
DA:635,68
DA:636,31
DA:638,92
DA:639,35
DA:640,0
DA:641,0
DA:642,2
DA:644,43
DA:645,31
DA:646,35
DA:648,45
DA:649,18
DA:650,41
DA:651,16
DA:652,34
DA:653,0
DA:654,0
DA:655,0
DA:656,4
DA:657,40
DA:659,16
DA:660,72
DA:661,16
DA:662,76
DA:663,66
DA:665,30
DA:666,19
DA:667,21
DA:668,43
DA:669,58
DA:670,26
DA:671,36
DA:672,9
DA:673,17
DA:674,19
DA:675,6
DA:676,4
DA:677,5
DA:678,8
DA:679,4
DA:680,4
DA:682,42
DA:683,32
DA:684,44
DA:685,40
DA:686,19
DA:687,46
DA:688,32
DA:689,9
DA:690,10
DA:691,31
DA:692,20
DA:693,4
DA:694,16
DA:695,8
DA:696,50
DA:697,31
DA:698,4
DA:700,33
DA:701,19
DA:702,37
DA:703,35
DA:704,19
DA:705,19
DA:706,34
DA:707,31
DA:708,21
DA:709,32
DA:710,23
DA:711,5
DA:712,2
DA:714,19
DA:715,73
DA:717,55
DA:718,10
DA:719,61
DA:720,5
DA:721,4
DA:723,67
DA:724,20
DA:725,35
DA:726,65
DA:727,67
DA:728,47
DA:729,51
DA:730,2
DA:732,57
DA:733,20
DA:734,35
DA:735,59
DA:736,65
DA:737,47
DA:738,53
DA:739,91
DA:740,2
DA:743,6
DA:744,10
DA:745,10
DA:746,3
DA:747,25
DA:748,45
DA:749,54
DA:750,28
DA:751,74
DA:754,30
DA:755,84
DA:756,68
DA:757,37
DA:758,18
DA:759,17
DA:760,32
DA:761,4
DA:762,26
DA:763,2
DA:764,14
DA:767,6
DA:768,10
DA:769,16
DA:770,9
DA:771,3
DA:772,22
DA:773,17
DA:774,14
DA:775,15
DA:776,17
DA:777,1
DA:778,2
DA:779,18
DA:780,23
DA:781,36
DA:782,36
DA:783,82
DA:784,31
DA:785,42
DA:786,34
DA:787,57
DA:788,38
DA:789,74
DA:790,0
DA:791,0
DA:792,6
DA:794,6
DA:795,8
DA:796,4
DA:797,91
DA:798,39
DA:799,31
DA:800,64
DA:801,13
DA:802,81
DA:803,50
DA:805,2
DA:806,68
DA:807,43
DA:808,10
DA:809,15
DA:810,20
DA:811,13
DA:812,11
DA:813,6
DA:814,31
DA:815,22
DA:816,38
DA:817,34
DA:818,34
DA:819,30
DA:820,27
DA:821,5
DA:822,2
DA:823,15
DA:824,12
DA:825,9
DA:826,17
DA:827,31
DA:828,58
DA:829,3
DA:830,1
DA:833,1
DA:834,16
DA:835,12
DA:836,10
DA:837,3
DA:838,61
DA:839,57
DA:840,76
DA:841,75
DA:844,1
DA:845,11
DA:846,5
DA:847,5
DA:848,7
DA:849,3
DA:850,27
DA:851,90
DA:852,2
DA:853,7
DA:854,97
DA:858,38
DA:859,24
DA:860,58
DA:861,39
DA:862,2
DA:863,14
DA:864,2
DA:866,10
DA:867,28
DA:868,17
DA:869,79
DA:870,59
DA:871,15
DA:872,77
DA:873,14
DA:874,45
DA:875,14
DA:876,78
DA:877,17
DA:878,44
DA:879,21
DA:880,44
DA:881,24
DA:882,25
DA:883,26
DA:885,12
DA:889,1
DA:890,10
DA:891,12
DA:892,5
DA:893,3
DA:894,30
DA:895,14
DA:896,17
DA:897,30
DA:898,30
DA:899,26
DA:900,23
DA:901,1
DA:902,2
DA:903,50
DA:904,51
DA:905,36
DA:906,38
DA:907,14
DA:908,17
DA:909,29
DA:910,36
DA:911,25
DA:912,29
DA:913,1
DA:914,2
DA:915,12
DA:916,15
DA:917,34
DA:918,27
DA:919,30
DA:920,20
DA:921,1
DA:924,1
DA:925,6
DA:926,10
DA:927,16
DA:928,12
DA:929,11
DA:930,18
DA:931,3
DA:932,33
DA:933,41
DA:934,36
DA:935,53
DA:936,84
DA:937,99
DA:938,28
DA:940,17
DA:941,33
DA:942,40
DA:943,62
DA:944,50
DA:946,39
DA:947,40
DA:948,32
DA:949,49
DA:950,52
DA:951,8
DA:952,71
DA:953,4
DA:955,56
DA:956,50
DA:957,34
DA:958,55
DA:959,36
DA:960,32
DA:961,14
DA:962,10
DA:963,16
DA:964,19
DA:965,26
DA:966,16
DA:967,8
DA:968,45
DA:969,4
DA:970,25
DA:971,2
DA:972,11
DA:975,10
DA:976,20
DA:977,38
DA:978,13
DA:981,1
DA:982,6
DA:983,3
DA:984,20
DA:985,35
DA:986,13
DA:989,1
DA:990,6
DA:991,8
DA:992,3
DA:993,28
DA:994,22
DA:995,24
DA:996,10
DA:997,15
DA:998,44
DA:999,45
DA:1000,10
DA:1001,14
DA:1002,47
DA:1003,10
DA:1004,17
DA:1005,72
DA:1006,10
DA:1007,14
DA:1008,37
DA:1009,70
DA:1010,6
DA:1011,10
DA:1012,17
DA:1013,46
DA:1014,10
DA:1015,21
DA:1016,46
DA:1017,10
DA:1018,24
DA:1019,25
DA:1020,19
DA:1022,6
DA:1026,1
DA:1027,6
DA:1028,8
DA:1029,10
DA:1030,3
DA:1031,28
DA:1032,13
DA:1033,75
DA:1034,12
DA:1035,85
DA:1036,7
DA:1037,10
DA:1038,15
DA:1039,48
DA:1040,49
DA:1041,10
DA:1042,14
DA:1043,51
DA:1044,10
DA:1045,17
DA:1046,47
DA:1047,47
DA:1048,59
DA:1049,38
DA:1050,70
DA:1051,45
DA:1052,80
DA:1053,52
DA:1054,8
DA:1055,53
DA:1056,66
DA:1057,5
DA:1058,6
DA:1059,76
DA:1060,10
DA:1061,14
DA:1062,37
DA:1063,74
DA:1064,6
DA:1065,10
DA:1066,17
DA:1067,50
DA:1068,10
DA:1069,21
DA:1070,50
DA:1071,10
DA:1072,24
DA:1073,25
DA:1074,19
DA:1076,6
LF:827
LH:776
end_of_record
TN:
SF:packages/engine/src/calc-context.ts
FNF:1
FNH:1
DA:14,25
DA:15,23
DA:16,75
DA:17,18
DA:18,8
DA:19,10
DA:20,19
DA:21,20
DA:22,23
DA:23,22
DA:24,21
DA:25,25
DA:26,20
DA:27,3
DA:28,4
DA:29,15
DA:30,12
DA:31,14
DA:32,25
DA:33,28
DA:34,27
DA:35,3
DA:36,1
LF:23
LH:23
end_of_record
TN:
SF:packages/engine/src/calc.ts
FNF:25
FNH:24
DA:2,87
DA:10,59
DA:18,92
DA:19,76
DA:21,68
DA:22,70
DA:23,75
DA:31,107
DA:76,43
DA:78,14
DA:79,54
DA:80,18
DA:81,17
DA:82,28
DA:83,38
DA:84,32
DA:85,33
DA:86,35
DA:87,31
DA:88,39
DA:89,6
DA:90,49
DA:91,2
DA:92,31
DA:93,41
DA:94,35
DA:95,36
DA:96,38
DA:97,34
DA:98,14
DA:101,1
DA:102,10
DA:103,14
DA:104,15
DA:105,3
DA:106,45
DA:107,54
DA:108,84
DA:109,91
DA:110,24
DA:111,54
DA:112,41
DA:113,42
DA:114,69
DA:115,22
DA:116,33
DA:117,88
DA:118,90
DA:119,80
DA:120,47
DA:121,67
DA:122,4
DA:123,2
DA:124,2
DA:125,23
DA:128,30
DA:129,38
DA:130,32
DA:131,48
DA:134,11
DA:135,43
DA:136,17
DA:139,11
DA:140,27
DA:148,1
DA:149,11
DA:150,13
DA:151,13
DA:152,3
DA:153,20
DA:154,9
DA:155,38
DA:156,43
DA:157,0
DA:158,1
DA:162,33
DA:164,9
DA:165,32
DA:166,35
DA:167,40
DA:168,35
DA:169,6
DA:172,5
DA:177,1
DA:178,6
DA:179,13
DA:180,5
DA:181,5
DA:182,3
DA:183,35
DA:184,42
DA:185,34
DA:186,41
DA:187,33
DA:188,37
DA:189,4
DA:190,30
DA:191,38
DA:192,2
DA:193,2
DA:194,53
DA:195,40
DA:196,40
DA:197,32
DA:198,39
DA:199,31
DA:200,35
DA:201,2
DA:202,28
DA:203,38
DA:204,2
DA:205,25
DA:208,1
DA:209,9
DA:210,3
DA:211,7
DA:212,31
DA:213,20
DA:214,24
DA:218,1
DA:219,12
DA:220,12
DA:221,7
DA:222,3
DA:223,54
DA:224,80
DA:225,38
DA:226,15
DA:227,60
DA:228,80
DA:229,62
DA:230,61
DA:231,47
DA:232,69
DA:233,2
DA:234,2
DA:235,46
DA:236,47
DA:237,14
DA:240,1
DA:241,12
DA:242,12
DA:243,7
DA:244,11
DA:245,5
DA:246,5
DA:247,3
DA:248,68
DA:249,58
DA:250,40
DA:251,39
DA:252,45
DA:255,1
DA:256,7
DA:257,12
DA:258,11
DA:259,9
DA:260,12
DA:261,3
DA:262,16
DA:263,68
DA:264,42
DA:265,56
DA:266,28
DA:267,36
DA:268,49
DA:269,47
DA:270,2
DA:271,11
DA:274,1
DA:275,7
DA:276,11
DA:277,11
DA:278,11
DA:279,8
DA:280,3
DA:281,16
DA:282,67
DA:283,46
DA:284,72
DA:285,60
DA:286,46
DA:287,46
DA:288,84
DA:289,101
DA:290,4
DA:291,23
DA:292,39
DA:293,44
DA:294,0
DA:295,0
DA:296,6
DA:297,11
DA:298,2
DA:299,2
DA:300,12
DA:303,1
DA:304,10
DA:305,12
DA:306,5
DA:307,5
DA:308,12
DA:309,12
DA:310,8
DA:311,9
DA:312,12
DA:313,3
DA:314,44
DA:315,16
DA:316,57
DA:317,63
DA:319,60
DA:320,18
DA:321,36
DA:322,39
DA:323,38
DA:324,2
DA:325,97
DA:326,98
DA:327,18
DA:328,2
DA:329,73
DA:330,60
DA:331,45
DA:332,57
DA:333,65
DA:334,97
DA:335,27
DA:336,76
DA:337,28
DA:338,4
DA:339,17
DA:340,2
DA:342,76
DA:343,18
DA:344,14
DA:345,18
DA:346,16
DA:347,5
DA:348,70
DA:349,26
DA:351,67
DA:352,46
DA:353,72
DA:354,60
DA:355,40
DA:356,40
DA:357,24
DA:358,11
DA:359,11
DA:360,45
DA:361,6
DA:362,12
DA:363,9
DA:364,22
DA:365,18
DA:366,22
DA:367,21
DA:368,1
DA:369,8
DA:370,86
DA:371,67
DA:372,2
DA:373,2
DA:374,18
DA:377,1
DA:378,7
DA:379,12
DA:380,5
DA:381,5
DA:382,11
DA:383,10
DA:384,8
DA:385,12
DA:386,3
DA:387,84
DA:388,56
DA:389,27
DA:390,67
DA:391,46
DA:392,72
DA:393,40
DA:394,40
DA:395,53
DA:396,59
DA:397,50
DA:398,7
DA:399,2
DA:400,2
DA:401,55
DA:402,34
DA:403,42
DA:404,20
DA:405,62
DA:406,46
DA:407,70
DA:408,50
DA:409,4
DA:410,35
DA:411,28
DA:412,36
DA:413,0
DA:414,0
DA:415,2
DA:416,2
DA:417,11
DA:420,14
DA:421,40
DA:424,1
DA:425,10
DA:426,12
DA:427,9
DA:428,3
DA:429,55
DA:430,38
DA:431,28
DA:432,62
DA:433,51
DA:434,46
DA:435,26
DA:436,71
DA:437,49
DA:438,75
DA:439,30
DA:440,20
DA:441,20
DA:442,13
DA:443,41
DA:444,31
DA:445,29
DA:446,0
DA:447,6
DA:449,85
DA:450,73
DA:451,29
DA:452,55
DA:453,30
DA:454,6
DA:455,46
DA:456,45
DA:457,34
DA:458,42
DA:459,98
DA:460,61
DA:461,59
DA:462,8
DA:463,43
DA:464,4
DA:465,2
DA:466,2
DA:469,6
DA:470,10
DA:471,5
DA:472,6
DA:473,3
DA:474,34
DA:475,21
DA:476,20
DA:477,45
DA:478,24
DA:479,34
DA:480,51
DA:481,4
DA:482,52
DA:483,54
DA:484,58
DA:485,41
DA:486,33
DA:487,31
DA:488,49
DA:489,51
DA:490,55
DA:491,46
DA:493,53
DA:495,70
DA:496,41
DA:501,78
DA:503,16
DA:504,22
DA:506,23
DA:507,20
DA:508,30
DA:509,75
DA:510,6
DA:511,16
DA:512,27
DA:513,10
DA:514,19
DA:515,25
DA:516,15
DA:517,1
DA:518,6
DA:519,48
DA:520,40
DA:521,11
DA:522,47
DA:523,36
DA:524,43
DA:527,39
DA:528,53
DA:529,27
DA:530,41
DA:531,23
DA:532,37
DA:533,25
DA:534,42
DA:535,55
DA:536,26
DA:537,6
DA:538,4
DA:539,2
DA:540,2
DA:541,23
DA:542,31
DA:543,42
DA:544,55
DA:545,42
DA:546,62
DA:547,19
DA:548,84
DA:549,16
DA:550,36
DA:551,56
DA:552,22
DA:553,5
DA:554,7
DA:555,55
DA:556,17
DA:557,85
DA:558,97
DA:559,52
DA:560,73
DA:561,53
DA:562,101
DA:563,93
DA:564,4
DA:565,2
DA:566,2
DA:568,23
DA:569,35
DA:570,50
DA:571,35
DA:572,62
DA:573,34
DA:574,46
DA:575,35
DA:576,0
DA:577,4
DA:578,2
DA:579,11
DA:580,57
DA:581,62
DA:582,43
DA:583,55
DA:584,44
DA:585,79
DA:586,4
DA:587,4
DA:590,57
DA:591,14
DA:592,10
DA:593,5
DA:594,7
DA:595,6
DA:596,14
DA:597,11
DA:598,11
DA:599,9
DA:600,8
DA:601,12
DA:602,18
DA:603,19
DA:604,21
DA:605,10
DA:606,4
DA:607,11
DA:608,53
DA:610,54
DA:611,32
DA:612,39
DA:613,70
DA:614,66
DA:615,33
DA:616,37
DA:617,18
DA:618,35
DA:619,35
DA:620,6
DA:621,51
DA:622,48
DA:623,38
DA:624,92
DA:625,29
DA:626,43
DA:627,46
DA:628,65
DA:629,85
DA:632,97
DA:633,48
DA:634,64
DA:635,63
DA:636,89
DA:637,81
DA:638,5
DA:639,8
DA:640,44
DA:641,73
DA:642,4
DA:643,4
DA:645,48
DA:646,32
DA:647,38
DA:648,52
DA:649,42
DA:650,21
DA:651,52
DA:652,59
DA:653,71
DA:654,83
DA:655,71
DA:656,21
DA:657,77
DA:658,2
DA:659,15
DA:660,47
DA:661,78
DA:662,80
DA:663,62
DA:664,10
DA:665,25
DA:666,55
DA:667,22
DA:668,35
DA:669,53
DA:670,28
DA:671,11
DA:672,11
DA:673,8
DA:674,29
DA:675,56
DA:676,28
DA:677,8
DA:678,8
DA:679,6
DA:680,6
DA:682,75
DA:683,6
DA:684,6
DA:686,32
DA:687,28
DA:688,48
DA:689,30
DA:691,36
DA:692,50
DA:693,40
DA:694,24
DA:696,33
DA:697,27
DA:698,27
DA:699,30
DA:700,93
DA:701,17
DA:702,40
DA:703,85
DA:704,16
DA:705,0
DA:706,2
DA:707,16
DA:708,28
DA:709,52
DA:710,48
DA:711,55
DA:712,67
DA:713,79
DA:714,67
DA:715,51
DA:716,25
DA:717,45
DA:718,17
DA:719,10
DA:720,4
DA:721,5
DA:722,5
DA:723,12
DA:724,12
DA:725,13
DA:726,9
DA:727,10
DA:728,10
DA:729,63
DA:730,43
DA:731,0
DA:732,8
DA:733,8
DA:734,6
DA:735,6
DA:736,21
DA:737,77
DA:738,2
DA:739,11
DA:742,88
DA:743,26
DA:744,76
DA:745,60
DA:746,29
DA:747,56
DA:748,28
DA:749,8
DA:750,6
DA:751,6
DA:752,33
DA:755,35
DA:756,37
DA:757,20
DA:758,4
DA:759,13
DA:760,32
DA:761,37
DA:762,48
DA:763,42
DA:764,20
DA:765,82
DA:766,93
DA:767,8
DA:768,8
DA:769,20
DA:770,8
DA:774,25
DA:775,28
DA:777,12
DA:778,12
DA:779,11
DA:780,37
DA:781,1
DA:784,1
DA:785,10
DA:786,10
DA:787,16
DA:788,6
DA:789,3
DA:790,45
DA:791,30
DA:792,28
DA:793,34
DA:794,18
DA:795,55
DA:796,32
DA:797,67
DA:798,63
DA:799,2
DA:800,32
DA:802,21
DA:803,46
DA:804,59
DA:805,55
DA:806,92
DA:807,101
DA:808,2
DA:809,14
DA:812,1
DA:813,10
DA:814,16
DA:815,6
DA:816,3
DA:817,45
DA:818,18
DA:819,28
DA:820,34
DA:821,18
DA:822,55
DA:823,51
DA:824,45
DA:825,73
DA:826,39
DA:827,39
DA:828,66
DA:829,68
DA:830,47
DA:831,4
DA:832,2
DA:833,2
DA:834,11
DA:837,1
DA:838,10
DA:839,5
DA:840,8
DA:841,6
DA:842,14
DA:843,11
DA:844,11
DA:845,9
DA:846,9
DA:847,12
DA:848,18
DA:849,19
DA:850,21
DA:851,12
DA:852,3
DA:853,50
DA:854,48
DA:856,51
DA:857,33
DA:858,31
DA:859,49
DA:860,51
DA:861,55
DA:862,46
DA:863,21
DA:864,35
DA:865,45
DA:866,32
DA:867,30
DA:868,48
DA:869,38
DA:871,36
DA:872,50
DA:873,40
DA:874,32
DA:876,33
DA:877,27
DA:878,27
DA:879,70
DA:880,48
DA:881,55
DA:882,67
DA:883,79
DA:884,67
DA:885,51
DA:886,16
DA:887,0
DA:888,0
DA:889,0
DA:890,0
DA:891,0
DA:892,0
DA:893,0
DA:894,0
DA:895,0
DA:896,0
DA:897,0
DA:898,0
DA:899,0
DA:900,0
DA:901,6
DA:902,21
DA:903,77
DA:904,2
DA:905,11
DA:907,61
DA:908,0
DA:909,6
DA:911,74
DA:912,74
DA:913,4
DA:914,4
DA:916,31
DA:917,2
DA:919,33
DA:920,34
DA:921,83
DA:922,2
DA:924,33
DA:925,28
DA:926,0
DA:927,0
DA:928,0
DA:929,0
DA:931,0
DA:932,0
DA:933,0
DA:934,0
DA:936,0
DA:937,0
DA:938,0
DA:939,0
DA:940,0
DA:941,0
DA:942,0
DA:943,0
DA:944,0
DA:945,0
DA:946,0
DA:947,0
DA:948,0
DA:949,0
DA:950,0
DA:951,0
DA:952,0
DA:953,0
DA:954,0
DA:955,0
DA:956,0
DA:957,0
DA:958,0
DA:959,0
DA:960,0
DA:961,0
DA:962,0
DA:963,0
DA:964,0
DA:965,0
DA:966,0
DA:967,0
DA:968,1
LF:804
LH:740
end_of_record
TN:
SF:packages/engine/src/codegen.ts
FNF:66
FNH:64
DA:2,202
DA:4,274
DA:14,116
DA:15,168
DA:19,62
DA:24,1
DA:26,41
DA:27,54
DA:30,25
DA:31,84
DA:32,108
DA:33,76
DA:34,60
DA:35,35
DA:36,19
DA:37,9
DA:38,19
DA:41,39
DA:42,62
DA:43,87
DA:44,56
DA:45,50
DA:46,9
DA:49,21
DA:50,46
DA:51,41
DA:53,2
DA:55,124
DA:56,136
DA:58,162
DA:59,178
DA:60,146
DA:61,130
DA:68,80
DA:69,16
DA:70,18
DA:71,16
DA:72,16
DA:73,20
DA:74,18
DA:75,14
DA:76,20
DA:77,16
DA:78,24
DA:79,28
DA:80,20
DA:81,24
DA:82,20
DA:83,14
DA:84,24
DA:85,24
DA:86,16
DA:87,16
DA:88,16
DA:89,18
DA:90,18
DA:91,14
DA:92,6
DA:94,166
DA:96,199
DA:98,42
DA:99,57
DA:100,35
DA:101,35
DA:102,37
DA:103,28
DA:104,37
DA:105,30
DA:106,118
DA:107,139
DA:108,28
DA:109,80
DA:110,85
DA:111,38
DA:112,88
DA:113,88
DA:114,135
DA:115,83
DA:116,13
DA:117,29
DA:118,33
DA:120,30
DA:124,38
DA:125,57
DA:126,35
DA:127,35
DA:128,37
DA:129,33
DA:130,32
DA:131,37
DA:132,32
DA:133,37
DA:134,30
DA:135,130
DA:136,123
DA:137,28
DA:138,92
DA:139,77
DA:140,38
DA:141,88
DA:142,162
DA:143,8
DA:144,68
DA:145,52
DA:146,67
DA:147,18
DA:148,29
DA:149,13
DA:150,163
DA:151,75
DA:152,13
DA:153,93
DA:154,74
DA:155,32
DA:156,34
DA:157,32
DA:158,34
DA:159,30
DA:160,36
DA:161,32
DA:162,40
DA:163,40
DA:164,32
DA:165,32
DA:166,32
DA:167,34
DA:168,34
DA:169,28
DA:170,22
DA:171,84
DA:172,192
DA:173,92
DA:174,160
DA:175,121
DA:176,79
DA:177,206
DA:178,171
DA:179,85
DA:180,31
DA:181,13
DA:182,145
DA:183,69
DA:184,13
DA:185,99
DA:186,75
DA:187,13
DA:188,147
DA:189,69
DA:190,13
DA:191,188
DA:192,10
DA:193,90
DA:194,52
DA:195,67
DA:196,18
DA:197,69
DA:198,13
DA:199,190
DA:200,196
DA:201,91
DA:202,33
DA:204,30
DA:217,36
DA:218,57
DA:219,32
DA:220,241
DA:221,38
DA:222,88
DA:223,8
DA:224,68
DA:225,52
DA:226,67
DA:227,18
DA:228,62
DA:229,375
DA:230,7
DA:231,16
DA:232,19
DA:234,17
DA:238,66
DA:239,81
DA:242,22
DA:243,14
DA:244,10
DA:250,14
DA:251,6
DA:252,66
DA:253,57
DA:254,34
DA:255,418
DA:256,12
DA:257,29
DA:258,5
DA:259,59
DA:260,86
DA:261,34
DA:262,180
DA:263,12
DA:264,148
DA:265,34
DA:266,204
DA:267,8
DA:268,23
DA:269,197
DA:271,29
DA:274,66
DA:275,76
DA:276,34
DA:277,192
DA:278,8
DA:279,29
DA:282,43
DA:283,57
DA:284,30
DA:285,49
DA:286,32
DA:287,63
DA:288,34
DA:289,86
DA:290,88
DA:291,108
DA:292,61
DA:293,28
DA:294,38
DA:295,14
DA:296,31
DA:297,28
DA:298,43
DA:299,28
DA:300,75
DA:301,28
DA:302,53
DA:304,23
DA:306,15
DA:307,32
DA:308,92
DA:309,69
DA:310,56
DA:311,14
DA:312,27
DA:313,28
DA:314,32
DA:315,14
DA:316,41
DA:318,23
DA:320,15
DA:321,38
DA:322,88
DA:323,146
DA:324,73
DA:325,96
DA:326,77
DA:327,61
DA:328,36
DA:329,57
DA:330,38
DA:331,59
DA:332,36
DA:333,61
DA:334,38
DA:335,87
DA:336,34
DA:337,78
DA:338,20
DA:339,57
DA:340,36
DA:341,57
DA:342,44
DA:343,73
DA:344,44
DA:345,73
DA:346,36
DA:347,57
DA:348,36
DA:349,57
DA:350,36
DA:351,57
DA:352,38
DA:353,107
DA:354,38
DA:355,107
DA:356,38
DA:357,89
DA:359,38
DA:361,13
DA:362,73
DA:363,96
DA:364,96
DA:365,105
DA:366,61
DA:367,36
DA:368,113
DA:369,40
DA:370,121
DA:371,44
DA:372,84
DA:373,67
DA:374,51
DA:376,38
DA:378,7
DA:379,16
DA:380,33
DA:382,28
DA:386,50
DA:387,8
DA:388,48
DA:389,52
DA:390,52
DA:391,54
DA:392,45
DA:393,10
DA:394,82
DA:395,109
DA:396,64
DA:397,124
DA:398,21
DA:399,5
DA:400,5
DA:402,57
DA:403,34
DA:404,64
DA:405,132
DA:406,21
DA:407,15
DA:408,34
DA:409,64
DA:410,164
DA:411,21
DA:412,15
DA:413,36
DA:414,64
DA:415,134
DA:416,21
DA:417,10
DA:418,16
DA:419,32
DA:420,81
DA:421,13
DA:422,10
DA:423,18
DA:424,32
DA:425,45
DA:426,13
DA:427,15
DA:428,36
DA:429,62
DA:430,31
DA:431,94
DA:432,108
DA:433,13
DA:434,126
DA:435,102
DA:436,31
DA:437,15
DA:438,34
DA:439,65
DA:440,15
DA:441,32
DA:442,63
DA:443,15
DA:444,38
DA:445,69
DA:446,23
DA:447,14
DA:448,77
DA:449,6
DA:453,52
DA:454,42
DA:455,41
DA:456,84
DA:457,86
DA:458,72
DA:459,72
DA:460,70
DA:461,164
DA:462,34
DA:463,170
DA:464,12
DA:465,186
DA:466,29
DA:467,5
DA:469,187
DA:470,84
DA:471,86
DA:472,74
DA:473,74
DA:474,70
DA:475,164
DA:476,34
DA:477,170
DA:478,12
DA:479,34
DA:480,158
DA:481,12
DA:482,29
DA:483,5
DA:485,80
DA:486,82
DA:487,70
DA:488,70
DA:489,160
DA:490,34
DA:491,170
DA:492,8
DA:493,82
DA:494,82
DA:495,66
DA:497,43
DA:498,20
DA:499,142
DA:500,25
DA:501,20
DA:502,142
DA:503,25
DA:504,20
DA:505,142
DA:506,25
DA:507,20
DA:508,34
DA:509,188
DA:510,16
DA:511,25
DA:512,20
DA:513,144
DA:514,29
DA:516,51
DA:518,29
DA:521,51
DA:522,102
DA:523,70
DA:524,118
DA:525,128
DA:526,80
DA:527,66
DA:528,53
DA:529,20
DA:530,124
DA:531,25
DA:532,20
DA:533,126
DA:534,25
DA:535,20
DA:536,136
DA:537,29
DA:539,51
DA:541,29
DA:544,54
DA:545,80
DA:547,149
DA:548,65
DA:549,5
DA:550,111
DA:551,75
DA:552,5
DA:553,105
DA:554,69
DA:555,5
DA:556,190
DA:557,168
DA:558,155
DA:559,71
DA:560,5
DA:561,8
DA:562,68
DA:563,52
DA:564,67
DA:565,10
DA:566,58
DA:567,27
DA:568,90
DA:569,100
DA:570,9
DA:571,68
DA:572,14
DA:573,28
DA:574,10
DA:575,12
DA:576,94
DA:577,29
DA:578,5
DA:579,154
DA:580,154
DA:581,164
DA:582,172
DA:583,102
DA:584,94
DA:585,114
DA:586,122
DA:587,122
DA:588,126
DA:589,114
DA:590,114
DA:591,120
DA:593,39
DA:596,28
DA:597,14
DA:598,12
DA:599,12
DA:600,6
DA:601,66
DA:602,163
DA:603,100
DA:604,100
DA:605,34
DA:606,568
DA:607,8
DA:608,29
DA:611,65
DA:612,66
DA:613,74
DA:614,83
DA:615,88
DA:616,84
DA:617,130
DA:618,160
DA:619,35
DA:620,158
DA:621,27
DA:622,159
DA:624,5
DA:625,176
DA:626,29
DA:629,49
DA:630,84
DA:631,80
DA:632,126
DA:633,156
DA:634,66
DA:635,132
DA:636,29
DA:639,51
DA:640,88
DA:641,70
DA:642,114
DA:643,128
DA:644,82
DA:645,46
DA:646,53
DA:647,94
DA:648,74
DA:649,120
DA:650,132
DA:651,86
DA:652,5
DA:653,66
DA:654,34
DA:655,334
DA:656,8
DA:657,42
DA:658,29
DA:661,56
DA:662,80
DA:663,96
DA:664,35
DA:665,66
DA:666,16
DA:667,5
DA:669,65
DA:670,98
DA:671,74
DA:672,114
DA:673,132
DA:674,86
DA:675,70
DA:676,53
DA:677,28
DA:678,150
DA:679,22
DA:680,15
DA:681,76
DA:682,22
DA:683,28
DA:684,154
DA:685,27
DA:686,30
DA:687,34
DA:688,186
DA:689,20
DA:690,22
DA:691,13
DA:692,17
DA:693,93
DA:694,10
DA:695,17
DA:696,16
DA:697,17
DA:698,95
DA:699,10
DA:700,17
DA:701,14
DA:702,75
DA:703,17
DA:704,18
DA:705,84
DA:706,17
DA:707,18
DA:708,84
DA:709,17
DA:710,14
DA:711,75
DA:712,17
DA:713,14
DA:714,75
DA:715,17
DA:716,14
DA:717,75
DA:718,22
DA:719,30
DA:720,34
DA:721,214
DA:722,20
DA:723,27
DA:724,30
DA:725,34
DA:726,214
DA:727,20
DA:728,22
DA:729,15
DA:730,76
DA:731,22
DA:732,32
DA:733,154
DA:734,33
DA:736,70
DA:738,29
DA:739,5
DA:741,65
DA:742,100
DA:743,100
DA:744,74
DA:745,74
DA:746,184
DA:747,34
DA:748,170
DA:749,12
DA:750,86
DA:751,86
DA:752,70
DA:753,53
DA:754,28
DA:755,34
DA:756,244
DA:757,20
DA:758,27
DA:759,36
DA:760,34
DA:761,244
DA:762,20
DA:763,17
DA:764,17
DA:765,40
DA:766,34
DA:767,478
DA:768,20
DA:769,54
DA:770,17
DA:771,17
DA:772,44
DA:773,34
DA:774,318
DA:775,20
DA:776,54
DA:777,17
DA:778,17
DA:779,36
DA:780,34
DA:781,318
DA:782,20
DA:783,54
DA:784,17
DA:785,17
DA:786,40
DA:787,34
DA:788,326
DA:789,20
DA:790,17
DA:791,17
DA:792,36
DA:793,34
DA:794,342
DA:795,20
DA:796,17
DA:797,23
DA:799,70
DA:801,29
DA:802,3
DA:804,39
DA:807,56
DA:808,80
DA:809,94
DA:810,70
DA:811,110
DA:812,128
DA:813,72
DA:814,108
DA:815,66
DA:816,49
DA:817,24
DA:818,142
DA:819,25
DA:820,28
DA:821,156
DA:822,25
DA:823,28
DA:824,156
DA:825,25
DA:826,26
DA:827,192
DA:828,25
DA:829,30
DA:830,34
DA:831,334
DA:832,16
DA:833,29
DA:835,65
DA:837,29
DA:840,58
DA:841,80
DA:843,165
DA:844,42
DA:845,71
DA:846,84
DA:847,78
DA:848,118
DA:849,136
DA:850,72
DA:851,9
DA:852,70
DA:853,152
DA:854,29
DA:855,5
DA:857,153
DA:858,98
DA:859,74
DA:860,114
DA:861,132
DA:862,76
DA:863,112
DA:864,48
DA:865,69
DA:866,106
DA:867,78
DA:868,122
DA:869,136
DA:870,88
DA:871,9
DA:872,70
DA:873,34
DA:874,238
DA:875,12
DA:876,29
DA:877,5
DA:879,155
DA:880,98
DA:881,74
DA:882,114
DA:883,132
DA:884,76
DA:885,112
DA:886,48
DA:887,69
DA:888,106
DA:889,78
DA:890,122
DA:891,136
DA:892,88
DA:893,9
DA:894,70
DA:895,34
DA:896,302
DA:897,12
DA:898,29
DA:899,5
DA:901,103
DA:902,98
DA:903,102
DA:904,98
DA:905,74
DA:906,114
DA:907,132
DA:908,76
DA:909,112
DA:910,76
DA:911,118
DA:912,132
DA:913,94
DA:914,74
DA:915,114
DA:916,132
DA:917,90
DA:918,70
DA:919,34
DA:920,308
DA:921,12
DA:922,29
DA:923,5
DA:925,105
DA:926,98
DA:927,102
DA:928,76
DA:929,114
DA:930,132
DA:931,78
DA:932,112
DA:933,76
DA:934,118
DA:935,132
DA:936,86
DA:937,70
DA:938,34
DA:939,222
DA:940,12
DA:941,29
DA:942,3
DA:944,39
DA:947,25
DA:948,14
DA:949,12
DA:950,14
DA:951,6
DA:952,94
DA:953,70
DA:954,110
DA:955,128
DA:956,82
DA:957,76
DA:958,198
DA:959,132
DA:960,66
DA:961,153
DA:962,140
DA:963,29
DA:966,39
DA:967,68
DA:968,112
DA:969,66
DA:970,34
DA:971,262
DA:972,8
DA:973,29
DA:976,37
DA:977,68
DA:978,108
DA:979,78
DA:980,34
DA:981,234
DA:982,8
DA:983,74
DA:984,34
DA:985,188
DA:986,8
DA:987,66
DA:988,146
DA:989,29
DA:992,51
DA:993,64
DA:994,104
DA:995,66
DA:996,147
DA:997,100
DA:998,100
DA:999,34
DA:1000,618
DA:1001,8
DA:1002,29
DA:1005,53
DA:1006,64
DA:1007,104
DA:1008,66
DA:1009,147
DA:1010,100
DA:1011,100
DA:1012,34
DA:1013,622
DA:1014,8
DA:1015,29
DA:1018,56
DA:1019,94
DA:1020,94
DA:1021,70
DA:1022,110
DA:1023,128
DA:1024,82
DA:1025,70
DA:1026,110
DA:1027,128
DA:1028,80
DA:1029,114
DA:1030,66
DA:1031,170
DA:1032,29
DA:1035,54
DA:1036,98
DA:1037,72
DA:1038,114
DA:1039,128
DA:1040,84
DA:1041,118
DA:1043,92
DA:1044,74
DA:1045,110
DA:1046,132
DA:1047,82
DA:1048,34
DA:1049,170
DA:1050,8
DA:1052,84
DA:1053,88
DA:1055,93
DA:1056,98
DA:1057,76
DA:1058,114
DA:1059,132
DA:1060,34
DA:1061,268
DA:1062,8
DA:1063,5
DA:1065,66
DA:1066,166
DA:1067,29
DA:1070,51
DA:1071,50
DA:1072,126
DA:1073,54
DA:1074,176
DA:1076,84
DA:1077,46
DA:1078,120
DA:1080,98
DA:1081,74
DA:1083,66
DA:1084,147
DA:1085,100
DA:1086,100
DA:1087,34
DA:1088,656
DA:1089,8
DA:1090,29
DA:1093,51
DA:1094,50
DA:1095,126
DA:1096,54
DA:1097,140
DA:1099,53
DA:1100,56
DA:1101,141
DA:1102,77
DA:1103,12
DA:1104,44
DA:1107,90
DA:1108,98
DA:1109,74
DA:1111,66
DA:1112,147
DA:1113,100
DA:1114,100
DA:1115,34
DA:1116,638
DA:1117,8
DA:1118,29
DA:1121,53
DA:1122,50
DA:1123,126
DA:1124,54
DA:1125,140
DA:1127,53
DA:1128,60
DA:1129,86
DA:1130,32
DA:1131,122
DA:1132,114
DA:1133,114
DA:1134,12
DA:1135,44
DA:1138,90
DA:1139,90
DA:1141,98
DA:1142,74
DA:1144,66
DA:1145,179
DA:1146,100
DA:1147,100
DA:1148,34
DA:1149,670
DA:1150,8
DA:1151,29
DA:1154,48
DA:1155,86
DA:1156,78
DA:1157,66
DA:1158,128
DA:1159,156
DA:1160,74
DA:1161,80
DA:1162,86
DA:1163,92
DA:1164,62
DA:1165,53
DA:1166,92
DA:1167,94
DA:1168,23
DA:1169,117
DA:1171,48
DA:1172,29
DA:1175,53
DA:1176,48
DA:1177,28
DA:1178,66
DA:1179,70
DA:1180,62
DA:1181,54
DA:1182,148
DA:1183,8
DA:1184,98
DA:1185,94
DA:1186,86
DA:1188,84
DA:1189,196
DA:1190,66
DA:1191,78
DA:1192,122
DA:1193,74
DA:1194,112
DA:1195,94
DA:1196,100
DA:1197,62
DA:1198,94
DA:1199,48
DA:1200,29
DA:1203,50
DA:1204,48
DA:1205,28
DA:1206,66
DA:1207,70
DA:1208,62
DA:1209,54
DA:1210,148
DA:1211,8
DA:1212,98
DA:1213,94
DA:1214,86
DA:1216,84
DA:1217,196
DA:1218,66
DA:1219,78
DA:1220,122
DA:1221,74
DA:1222,172
DA:1223,94
DA:1224,100
DA:1225,62
DA:1226,94
DA:1227,48
DA:1228,29
DA:1231,58
DA:1232,90
DA:1233,66
DA:1234,66
DA:1235,124
DA:1236,29
DA:1239,57
DA:1240,56
DA:1241,58
DA:1242,136
DA:1243,119
DA:1244,40
DA:1245,8
DA:1246,90
DA:1247,88
DA:1248,5
DA:1249,3
DA:1250,62
DA:1251,67
DA:1252,3
DA:1253,89
DA:1256,48
DA:1257,43
DA:1258,20
DA:1259,43
DA:1260,22
DA:1261,43
DA:1262,20
DA:1263,39
DA:1264,20
DA:1265,39
DA:1266,22
DA:1267,41
DA:1268,22
DA:1269,45
DA:1271,18
DA:1275,44
DA:1276,46
DA:1277,46
DA:1278,14
DA:1279,27
DA:1280,30
DA:1281,55
DA:1282,34
DA:1283,84
DA:1284,86
DA:1285,49
DA:1286,33
DA:1287,15
DA:1288,32
DA:1289,38
DA:1290,14
DA:1291,18
DA:1292,13
DA:1293,31
DA:1294,17
DA:1295,34
DA:1299,24
DA:1300,10
DA:1301,28
DA:1302,22
DA:1303,10
DA:1304,10
DA:1305,26
DA:1306,26
DA:1307,22
DA:1308,22
DA:1309,6
DA:1310,133
DA:1311,133
DA:1312,108
DA:1313,57
DA:1314,82
DA:1315,117
DA:1316,3
DA:1317,80
DA:1318,52
DA:1319,54
DA:1320,50
DA:1321,59
DA:1324,30
DA:1325,14
DA:1326,20
DA:1327,18
DA:1328,16
DA:1329,6
DA:1330,133
DA:1333,24
DA:1334,10
DA:1335,28
DA:1336,22
DA:1337,20
DA:1338,20
DA:1339,36
DA:1340,36
DA:1341,16
DA:1342,16
DA:1343,32
DA:1344,32
DA:1345,22
DA:1346,22
DA:1347,12
DA:1348,6
DA:1349,192
DA:1350,192
DA:1351,180
DA:1352,180
DA:1353,192
DA:1354,29
DA:1355,5
DA:1356,66
DA:1357,57
DA:1358,164
DA:1359,84
DA:1360,96
DA:1361,5
DA:1362,72
DA:1363,122
DA:1364,118
DA:1365,122
DA:1366,118
DA:1368,28
DA:1369,32
DA:1370,34
DA:1371,80
DA:1372,80
DA:1374,97
DA:1375,101
DA:1376,112
DA:1377,130
DA:1378,61
DA:1379,145
DA:1380,13
DA:1381,30
DA:1382,118
DA:1383,120
DA:1384,30
DA:1385,28
DA:1386,78
DA:1387,74
DA:1388,5
DA:1389,5
DA:1391,47
DA:1392,24
DA:1393,61
DA:1394,32
DA:1395,151
DA:1396,28
DA:1397,65
DA:1398,30
DA:1399,67
DA:1400,24
DA:1401,113
DA:1402,24
DA:1403,117
DA:1405,29
DA:1409,44
DA:1410,76
DA:1411,61
DA:1412,30
DA:1413,129
DA:1414,26
DA:1415,133
DA:1416,30
DA:1417,90
DA:1418,16
DA:1419,45
DA:1420,14
DA:1421,29
DA:1423,17
DA:1427,24
DA:1428,10
DA:1429,24
DA:1430,10
DA:1431,20
DA:1432,16
DA:1433,6
DA:1434,142
DA:1435,61
DA:1436,108
DA:1437,51
DA:1438,5
DA:1439,96
DA:1440,48
DA:1441,31
DA:1442,93
DA:1443,128
DA:1444,78
DA:1445,68
DA:1446,76
DA:1447,164
DA:1448,127
DA:1449,5
DA:1450,5
DA:1451,90
DA:1452,27
DA:1455,23
DA:1456,16
DA:1457,14
DA:1458,6
DA:1459,74
DA:1460,55
DA:1461,58
DA:1462,55
DA:1465,44
DA:1466,83
DA:1467,46
DA:1468,146
DA:1469,5
DA:1470,27
DA:1473,20
DA:1474,10
DA:1475,28
DA:1476,22
DA:1477,20
DA:1478,20
DA:1479,36
DA:1480,36
DA:1481,16
DA:1482,16
DA:1483,32
DA:1484,32
DA:1485,22
DA:1486,22
DA:1487,16
DA:1488,16
DA:1489,28
DA:1490,6
DA:1491,164
DA:1492,164
DA:1493,156
DA:1494,156
DA:1495,120
DA:1497,54
DA:1498,52
DA:1499,74
DA:1500,48
DA:1501,34
DA:1502,5
DA:1503,60
DA:1505,84
DA:1506,90
DA:1507,66
DA:1508,72
DA:1509,58
DA:1510,54
DA:1511,54
DA:1513,51
DA:1514,88
DA:1515,98
DA:1516,70
DA:1517,80
DA:1518,62
DA:1519,150
DA:1520,148
DA:1521,115
DA:1522,5
DA:1524,41
DA:1525,98
DA:1526,95
DA:1527,3
DA:1528,21
DA:1529,63
DA:1530,49
DA:1531,3
DA:1532,59
DA:1533,49
DA:1536,20
DA:1537,10
DA:1538,30
DA:1539,22
DA:1540,20
DA:1541,20
DA:1542,36
DA:1543,36
DA:1544,16
DA:1545,16
DA:1546,32
DA:1547,32
DA:1548,22
DA:1549,22
DA:1550,22
DA:1551,28
DA:1552,6
DA:1553,150
DA:1554,84
DA:1555,81
DA:1556,133
DA:1557,81
DA:1559,164
DA:1560,164
DA:1561,156
DA:1562,156
DA:1563,120
DA:1565,80
DA:1566,52
DA:1567,82
DA:1568,60
DA:1569,5
DA:1571,54
DA:1572,54
DA:1573,78
DA:1575,26
DA:1576,68
DA:1577,17
DA:1578,33
DA:1579,53
DA:1580,5
DA:1581,22
DA:1582,58
DA:1583,28
DA:1584,20
DA:1585,41
DA:1586,67
DA:1587,48
DA:1588,32
DA:1589,42
DA:1590,91
DA:1591,72
DA:1592,7
DA:1593,7
DA:1594,23
DA:1595,50
DA:1596,5
DA:1597,48
DA:1598,61
DA:1599,5
DA:1601,132
DA:1602,86
DA:1603,99
DA:1606,22
DA:1607,10
DA:1608,28
DA:1609,22
DA:1610,20
DA:1611,20
DA:1612,36
DA:1613,36
DA:1614,16
DA:1615,16
DA:1616,32
DA:1617,32
DA:1618,22
DA:1619,22
DA:1620,22
DA:1621,22
DA:1622,28
DA:1623,6
DA:1624,150
DA:1626,164
DA:1627,164
DA:1628,156
DA:1629,156
DA:1630,120
DA:1632,54
DA:1633,80
DA:1634,57
DA:1635,164
DA:1636,96
DA:1637,96
DA:1638,5
DA:1639,60
DA:1641,90
DA:1642,90
DA:1643,66
DA:1644,72
DA:1645,64
DA:1646,54
DA:1647,128
DA:1649,84
DA:1650,81
DA:1652,132
DA:1653,86
DA:1654,173
DA:1657,47
DA:1658,83
DA:1659,48
DA:1660,10
DA:1661,13
DA:1662,9
DA:1663,116
DA:1664,5
DA:1665,27
DA:1668,56
DA:1669,73
DA:1670,58
DA:1671,41
DA:1672,56
DA:1673,65
DA:1675,5
DA:1676,70
DA:1677,29
DA:1678,54
DA:1679,5
DA:1680,92
DA:1682,54
DA:1683,28
DA:1684,30
DA:1685,121
DA:1686,65
DA:1687,36
DA:1688,72
DA:1689,15
DA:1690,5
DA:1691,5
DA:1693,62
DA:1694,130
DA:1696,88
DA:1698,27
DA:1699,190
DA:1700,166
DA:1701,68
DA:1702,41
DA:1703,146
DA:1704,78
DA:1705,77
DA:1706,21
DA:1708,5
DA:1710,39
DA:1711,41
DA:1712,56
DA:1713,70
DA:1714,51
DA:1715,30
DA:1716,52
DA:1717,15
DA:1718,38
DA:1719,28
DA:1720,50
DA:1721,14
DA:1722,32
DA:1723,15
DA:1724,34
DA:1725,14
DA:1726,47
DA:1728,28
DA:1731,5
DA:1733,37
DA:1734,71
DA:1735,75
DA:1736,73
DA:1737,143
DA:1738,47
DA:1739,20
DA:1740,45
DA:1741,31
DA:1742,5
DA:1743,37
DA:1744,64
DA:1745,65
DA:1746,19
DA:1750,27
DA:1751,10
DA:1752,28
DA:1753,22
DA:1754,6
DA:1755,94
DA:1756,72
DA:1757,24
DA:1758,33
DA:1761,20
DA:1762,10
DA:1763,28
DA:1764,22
DA:1765,20
DA:1766,20
DA:1767,36
DA:1768,36
DA:1769,16
DA:1770,16
DA:1771,32
DA:1772,32
DA:1773,22
DA:1774,22
DA:1775,26
DA:1776,6
DA:1777,164
DA:1778,164
DA:1779,156
DA:1780,156
DA:1781,120
DA:1783,128
DA:1784,60
DA:1786,70
DA:1787,66
DA:1788,70
DA:1789,66
DA:1791,130
DA:1792,28
DA:1793,97
DA:1794,101
DA:1795,102
DA:1796,51
DA:1797,66
DA:1798,78
DA:1799,9
DA:1800,5
DA:1801,5
DA:1802,49
DA:1805,22
DA:1806,10
DA:1807,28
DA:1808,22
DA:1809,20
DA:1810,20
DA:1811,36
DA:1812,36
DA:1813,16
DA:1814,16
DA:1815,32
DA:1816,32
DA:1817,22
DA:1818,22
DA:1819,26
DA:1820,6
DA:1821,164
DA:1822,164
DA:1823,156
DA:1824,156
DA:1825,120
DA:1827,128
DA:1828,60
DA:1830,70
DA:1831,66
DA:1832,70
DA:1833,66
DA:1835,130
DA:1836,32
DA:1837,97
DA:1838,101
DA:1839,124
DA:1840,5
DA:1841,5
DA:1842,53
DA:1845,70
DA:1846,78
DA:1848,38
DA:1849,28
DA:1850,36
DA:1851,50
DA:1852,46
DA:1853,42
DA:1854,8
DA:1855,112
DA:1857,84
DA:1858,86
DA:1860,52
DA:1861,38
DA:1862,38
DA:1863,40
DA:1864,36
DA:1865,26
DA:1866,32
DA:1867,30
DA:1868,34
DA:1869,30
DA:1870,36
DA:1871,40
DA:1872,44
DA:1873,32
DA:1874,32
DA:1875,36
DA:1876,36
DA:1877,40
DA:1878,40
DA:1879,40
DA:1880,40
DA:1881,36
DA:1882,34
DA:1883,8
DA:1884,54
DA:1885,32
DA:1886,32
DA:1887,34
DA:1888,30
DA:1889,20
DA:1890,26
DA:1891,36
DA:1892,56
DA:1893,24
DA:1894,54
DA:1895,44
DA:1896,38
DA:1897,38
DA:1898,34
DA:1899,30
DA:1900,30
DA:1901,34
DA:1902,34
DA:1903,34
DA:1904,34
DA:1905,30
DA:1906,28
DA:1907,8
DA:1909,95
DA:1910,54
DA:1911,54
DA:1912,5
DA:1914,180
DA:1916,58
DA:1917,34
DA:1918,96
DA:1919,8
DA:1920,68
DA:1923,78
DA:1924,94
DA:1925,88
DA:1927,66
DA:1928,72
DA:1929,22
DA:1932,42
DA:1933,26
DA:1934,10
DA:1935,16
DA:1936,6
DA:1937,128
DA:1938,100
DA:1939,88
DA:1941,82
DA:1942,78
DA:1943,22
DA:1946,49
DA:1947,46
DA:1948,57
LF:1678
LH:1678
end_of_record
TN:
SF:packages/engine/src/compiled-eval.ts
FNF:20
FNH:19
DA:2,44
DA:4,137
DA:14,58
DA:15,63
DA:16,50
DA:18,13
DA:19,9
DA:20,9
DA:21,10
DA:22,9
DA:23,15
DA:24,11
DA:25,17
DA:26,10
DA:27,10
DA:28,10
DA:29,10
DA:30,10
DA:31,10
DA:32,10
DA:33,13
DA:34,9
DA:35,9
DA:36,9
DA:37,9
DA:38,9
DA:39,9
DA:40,9
DA:41,10
DA:42,18
DA:43,15
DA:44,15
DA:45,15
DA:46,15
DA:47,15
DA:48,15
DA:49,12
DA:50,14
DA:51,16
DA:52,13
DA:53,12
DA:54,10
DA:55,10
DA:56,13
DA:57,12
DA:58,10
DA:59,16
DA:60,18
DA:61,20
DA:62,16
DA:63,16
DA:64,9
DA:65,2
DA:73,41
DA:75,14
DA:76,16
DA:77,0
DA:78,0
DA:79,0
DA:80,0
DA:81,0
DA:82,5
DA:83,12
DA:84,12
DA:85,0
DA:86,5
DA:87,12
DA:88,13
DA:90,0
DA:94,21
DA:95,28
DA:96,29
DA:98,36
DA:99,35
DA:100,0
DA:102,0
DA:103,0
DA:104,0
DA:106,0
DA:107,0
DA:108,0
DA:110,0
DA:113,7
DA:114,23
DA:115,20
DA:116,0
DA:117,0
DA:118,0
DA:119,0
DA:120,0
DA:121,0
DA:122,0
DA:123,0
DA:124,0
DA:125,5
DA:126,16
DA:127,14
DA:128,0
DA:129,0
DA:130,0
DA:131,0
DA:132,0
DA:133,1
DA:137,39
DA:138,7
DA:139,12
DA:140,9
DA:141,10
DA:142,12
DA:143,14
DA:144,8
DA:145,10
DA:146,8
DA:147,8
DA:148,8
DA:149,7
DA:150,8
DA:151,10
DA:152,12
DA:153,8
DA:154,6
DA:155,2
DA:157,10
DA:158,97
DA:159,42
DA:160,4
DA:161,19
DA:162,21
DA:163,23
DA:164,19
DA:165,16
DA:166,0
DA:167,0
DA:168,2
DA:169,2
DA:170,25
DA:171,9
DA:172,27
DA:173,19
DA:174,19
DA:175,20
DA:176,18
DA:177,18
DA:178,26
DA:179,16
DA:180,20
DA:181,19
DA:182,26
DA:183,16
DA:184,17
DA:185,61
DA:186,26
DA:187,21
DA:188,22
DA:189,16
DA:190,16
DA:191,45
DA:192,26
DA:193,24
DA:194,16
DA:195,21
DA:196,43
DA:197,47
DA:198,28
DA:199,53
DA:200,8
DA:201,11
DA:202,16
DA:204,13
DA:207,13
DA:208,27
DA:211,10
DA:212,23
DA:213,5
DA:214,18
DA:215,18
DA:216,16
DA:217,11
DA:218,0
DA:219,0
DA:220,0
DA:221,5
DA:222,15
DA:223,71
DA:224,4
DA:225,19
DA:226,20
DA:227,19
DA:228,19
DA:229,20
DA:230,17
DA:231,9
DA:232,7
DA:233,87
DA:235,0
DA:236,5
DA:237,19
DA:238,44
DA:239,96
DA:240,0
DA:241,0
DA:242,0
DA:243,0
DA:244,0
DA:246,0
DA:250,1
DA:251,6
DA:252,7
DA:253,3
DA:254,7
DA:255,27
DA:256,28
DA:257,30
DA:258,34
DA:259,34
DA:260,50
DA:261,46
DA:265,25
DA:266,28
DA:267,17
DA:268,18
DA:269,16
DA:270,11
DA:271,5
DA:272,17
DA:273,14
DA:274,17
DA:275,15
DA:276,52
DA:277,33
DA:278,4
DA:279,19
DA:280,20
DA:281,19
DA:282,19
DA:283,20
DA:284,17
DA:285,9
DA:286,32
DA:287,0
DA:288,0
DA:290,6
DA:291,94
DA:292,0
DA:293,0
DA:294,5
DA:295,19
DA:296,44
DA:297,54
DA:298,7
DA:299,45
DA:300,48
DA:301,44
DA:303,6
DA:304,5
DA:305,91
DA:306,23
DA:307,0
DA:308,0
DA:309,0
DA:310,0
DA:312,6
DA:313,67
DA:314,0
DA:315,6
DA:316,5
DA:317,19
DA:318,21
DA:319,23
DA:320,19
DA:321,20
DA:322,26
DA:323,33
DA:324,0
DA:325,0
DA:326,6
DA:327,12
DA:328,0
DA:330,1
DA:334,15
DA:335,41
DA:337,17
DA:338,23
DA:339,23
DA:341,11
DA:342,24
DA:343,28
DA:346,9
DA:347,47
DA:348,54
DA:349,46
DA:350,47
DA:351,39
DA:352,4
DA:353,39
DA:354,0
DA:355,0
DA:356,4
DA:357,31
DA:358,43
DA:359,45
DA:360,45
DA:361,24
DA:362,0
DA:363,0
DA:364,0
DA:365,0
DA:366,0
DA:367,5
DA:368,16
DA:369,26
DA:370,0
DA:371,0
DA:373,4
DA:374,4
DA:375,12
DA:378,9
DA:379,27
DA:380,17
DA:381,44
DA:382,10
DA:383,17
DA:384,44
DA:385,5
DA:386,0
DA:387,0
DA:388,0
DA:389,0
DA:390,0
DA:391,0
DA:392,0
DA:393,0
DA:394,5
DA:395,18
DA:396,37
DA:397,48
DA:398,0
DA:399,8
DA:401,10
DA:402,19
DA:403,33
DA:404,0
DA:405,0
DA:406,8
DA:407,42
DA:408,20
DA:409,0
DA:410,0
DA:411,8
DA:412,69
DA:413,0
DA:414,0
DA:415,0
DA:416,8
DA:417,69
DA:418,0
DA:419,0
DA:420,0
DA:421,8
DA:422,46
DA:423,23
DA:424,27
DA:425,31
DA:426,18
DA:427,31
DA:428,5
DA:429,0
DA:430,0
DA:431,0
DA:432,0
DA:433,0
DA:434,0
DA:435,0
DA:436,0
DA:437,0
DA:438,0
DA:439,0
DA:440,0
DA:441,0
DA:442,0
DA:443,0
DA:444,0
DA:445,0
DA:446,0
DA:447,0
DA:448,0
DA:449,0
DA:450,0
DA:451,0
DA:452,0
DA:453,0
DA:454,0
DA:455,0
DA:456,0
DA:457,0
DA:458,0
DA:459,0
DA:460,0
DA:461,10
DA:463,5
DA:464,8
DA:465,16
DA:466,14
DA:467,13
DA:468,14
DA:469,2
DA:470,14
DA:471,13
DA:472,14
DA:473,13
DA:474,14
DA:475,2
DA:476,9
DA:477,23
DA:478,75
DA:479,25
DA:480,64
DA:481,5
DA:482,10
DA:483,4
DA:484,29
DA:485,30
DA:486,16
DA:487,16
DA:488,13
DA:489,13
DA:490,26
DA:491,62
DA:492,5
DA:493,8
DA:494,8
DA:495,21
DA:496,22
DA:497,29
DA:498,16
DA:499,29
DA:500,5
DA:501,0
DA:502,0
DA:503,0
DA:504,0
DA:505,0
DA:506,5
DA:507,16
DA:508,29
DA:509,5
DA:510,0
DA:511,0
DA:512,0
DA:513,0
DA:514,0
DA:515,0
DA:516,0
DA:517,0
DA:518,0
DA:519,0
DA:520,0
DA:521,0
DA:522,0
DA:523,0
DA:524,5
DA:525,16
DA:526,28
DA:527,5
DA:528,0
DA:529,0
DA:530,5
DA:531,17
DA:532,28
DA:533,13
DA:535,5
DA:536,5
DA:537,18
DA:538,17
DA:539,0
DA:540,0
DA:541,8
DA:542,47
DA:543,36
DA:544,50
DA:545,5
DA:546,0
DA:547,0
DA:548,0
DA:549,0
DA:550,0
DA:551,0
DA:552,0
DA:553,0
DA:554,0
DA:555,0
DA:556,0
DA:558,0
DA:559,5
DA:560,19
DA:561,24
DA:562,5
DA:564,3
DA:568,9
DA:569,39
DA:570,70
DA:571,51
DA:572,32
DA:573,31
DA:574,24
DA:575,40
DA:576,24
DA:577,0
DA:578,9
DA:580,6
DA:581,6
DA:582,22
DA:583,31
DA:584,28
DA:585,22
DA:586,32
DA:587,26
DA:588,34
DA:589,32
DA:590,22
DA:591,15
DA:592,47
DA:594,34
DA:595,35
DA:596,6
DA:597,4
DA:598,54
DA:599,22
DA:600,32
DA:601,34
DA:602,22
DA:603,35
DA:604,6
DA:605,4
DA:606,51
DA:607,22
DA:608,32
DA:609,31
DA:610,22
DA:611,35
DA:612,6
DA:613,4
DA:614,45
DA:615,0
DA:616,0
DA:617,0
DA:618,0
DA:619,4
DA:620,47
DA:621,0
DA:622,0
DA:623,0
DA:624,0
DA:625,4
DA:626,49
DA:627,0
DA:628,0
DA:629,0
DA:630,0
DA:631,4
DA:632,66
DA:633,0
DA:634,0
DA:635,0
DA:636,0
DA:637,0
DA:639,0
DA:640,0
DA:641,4
DA:642,43
DA:643,0
DA:644,0
DA:645,0
DA:646,4
DA:647,43
DA:648,0
DA:649,0
DA:650,0
DA:651,4
DA:652,43
DA:653,0
DA:654,0
DA:655,0
DA:656,4
DA:657,49
DA:658,47
DA:659,24
DA:660,37
DA:661,35
DA:662,33
DA:663,31
DA:664,6
DA:665,6
DA:666,31
DA:667,35
DA:668,66
DA:669,28
DA:670,6
DA:671,4
DA:672,41
DA:673,0
DA:674,0
DA:675,0
DA:676,0
DA:677,0
DA:678,0
DA:679,0
DA:680,0
DA:681,0
DA:682,0
DA:683,0
DA:684,0
DA:685,0
DA:686,4
DA:687,5
DA:688,19
DA:689,21
DA:690,23
DA:691,19
DA:692,20
DA:693,23
DA:694,30
DA:695,0
DA:696,0
DA:697,0
DA:698,0
DA:699,0
DA:700,0
DA:701,0
DA:702,0
DA:703,0
DA:704,0
DA:705,0
DA:706,0
DA:707,0
DA:708,0
DA:709,0
DA:710,4
DA:711,35
DA:714,13
DA:715,70
DA:718,26
DA:719,54
DA:720,27
DA:721,54
DA:722,32
DA:724,1
DA:725,7
DA:726,5
DA:727,5
DA:728,3
DA:729,29
DA:730,16
DA:731,40
DA:732,48
DA:733,83
DA:734,50
DA:735,48
DA:736,0
DA:737,0
DA:738,0
DA:739,0
DA:740,0
DA:741,0
DA:742,0
DA:743,0
DA:744,0
DA:745,0
DA:746,1
DA:749,6
DA:750,7
DA:751,10
DA:752,10
DA:753,8
DA:754,8
DA:755,3
DA:756,29
DA:757,16
DA:758,16
DA:759,50
DA:760,52
DA:761,44
DA:762,64
DA:763,21
DA:764,0
DA:765,0
DA:766,0
DA:767,0
DA:768,0
DA:769,0
DA:770,0
DA:771,6
DA:772,54
DA:773,44
DA:774,60
DA:775,2
DA:776,2
DA:777,16
DA:778,0
DA:779,2
DA:780,52
DA:781,9
DA:782,0
DA:783,0
DA:784,0
DA:785,0
DA:786,0
DA:787,0
DA:788,0
DA:789,0
DA:790,2
DA:791,14
DA:792,18
DA:793,19
DA:794,35
DA:795,39
DA:796,17
DA:797,36
DA:798,34
DA:799,2
DA:800,44
DA:803,19
DA:804,38
DA:805,52
DA:806,13
DA:807,13
DA:808,25
DA:809,26
DA:811,21
DA:812,23
DA:813,9
DA:814,23
DA:815,15
DA:816,50
DA:817,5
DA:818,0
DA:819,0
DA:820,0
DA:821,0
DA:822,0
DA:823,5
DA:824,18
DA:825,28
DA:826,32
DA:827,16
DA:828,51
DA:829,51
DA:830,31
DA:831,5
DA:832,0
DA:833,0
DA:834,0
DA:835,0
DA:836,0
DA:837,0
DA:838,0
DA:839,0
DA:840,0
DA:841,0
DA:842,0
DA:843,0
DA:844,0
DA:845,0
DA:846,0
DA:847,0
DA:848,5
DA:849,17
DA:850,37
DA:851,56
DA:852,5
DA:853,0
DA:854,0
DA:855,0
DA:856,0
DA:857,0
DA:858,0
DA:859,0
DA:860,0
DA:861,0
DA:862,0
DA:863,0
DA:864,0
DA:865,0
DA:866,0
DA:867,0
DA:868,0
DA:869,0
DA:870,0
DA:871,0
DA:872,0
DA:873,0
DA:874,0
DA:875,0
DA:876,0
DA:877,0
DA:878,0
DA:879,0
DA:880,5
DA:881,15
DA:882,48
DA:883,13
DA:884,5
DA:885,0
DA:886,0
DA:887,5
DA:888,16
DA:889,16
DA:890,16
DA:891,37
DA:892,39
DA:893,63
DA:894,5
DA:895,5
DA:896,22
DA:897,22
DA:898,22
DA:899,22
DA:900,22
DA:901,28
DA:902,32
DA:903,16
DA:904,52
DA:905,44
DA:906,42
DA:907,72
DA:908,45
DA:909,69
DA:910,0
DA:911,0
DA:912,0
DA:913,8
DA:914,5
DA:915,0
DA:916,0
DA:917,0
DA:918,0
DA:919,0
DA:920,0
DA:921,0
DA:922,0
DA:923,0
DA:924,0
DA:925,0
DA:926,0
DA:927,0
DA:928,0
DA:929,0
DA:930,0
DA:931,0
DA:932,0
DA:933,0
DA:934,0
DA:935,0
DA:936,0
DA:937,0
DA:938,0
DA:939,0
DA:940,0
DA:941,0
DA:942,0
DA:943,0
DA:944,0
DA:945,0
DA:946,0
DA:947,0
DA:948,0
DA:949,0
DA:950,5
DA:951,15
DA:952,63
DA:953,10
DA:954,20
DA:955,34
DA:956,13
DA:957,31
DA:958,0
DA:959,0
DA:960,17
DA:961,21
DA:963,5
DA:964,0
DA:965,0
DA:966,0
DA:967,0
DA:968,0
DA:969,0
DA:970,0
DA:971,0
DA:972,0
DA:974,0
DA:975,5
DA:976,16
DA:977,36
DA:978,16
DA:979,62
DA:980,5
DA:981,5
DA:982,15
DA:983,21
DA:984,5
DA:985,0
DA:986,0
DA:987,0
DA:988,0
DA:989,0
DA:990,0
DA:991,0
DA:992,0
DA:993,0
DA:994,0
DA:995,0
DA:996,0
DA:997,0
DA:998,0
DA:999,0
DA:1000,0
DA:1001,0
DA:1002,0
DA:1003,0
DA:1004,0
DA:1005,0
DA:1006,0
DA:1007,0
DA:1008,0
DA:1009,0
DA:1010,0
DA:1011,0
DA:1012,0
DA:1013,0
DA:1014,0
DA:1015,0
DA:1016,2
DA:1018,2
DA:1020,36
DA:1023,35
DA:1025,12
DA:1026,40
DA:1027,0
DA:1028,0
DA:1029,0
DA:1030,0
DA:1031,0
DA:1034,0
DA:1035,0
DA:1036,0
DA:1037,0
DA:1038,0
DA:1039,0
DA:1040,1
DA:1043,24
DA:1044,30
DA:1045,45
DA:1046,2
DA:1048,38
DA:1049,50
DA:1050,21
DA:1051,52
DA:1052,13
DA:1053,24
DA:1055,14
DA:1056,38
DA:1057,0
DA:1058,0
DA:1059,0
DA:1060,2
DA:1062,32
DA:1064,21
DA:1065,23
DA:1066,9
DA:1067,23
DA:1068,17
DA:1069,28
DA:1070,13
DA:1071,58
DA:1072,5
DA:1073,5
DA:1074,17
DA:1075,28
DA:1076,13
DA:1077,58
DA:1078,5
DA:1079,5
DA:1080,18
DA:1081,28
DA:1082,13
DA:1083,59
DA:1084,5
DA:1085,0
DA:1086,0
DA:1087,0
DA:1088,0
DA:1089,0
DA:1090,0
DA:1091,0
DA:1092,0
[...]
DA:400,26
DA:401,111
DA:402,32
DA:403,12
DA:409,29
DA:410,76
DA:411,129
DA:412,26
DA:413,113
DA:414,111
DA:415,12
DA:421,0
DA:422,0
DA:423,68
DA:429,0
DA:430,0
DA:431,0
DA:432,0
DA:433,0
DA:434,0
DA:435,8
DA:441,0
DA:442,53
DA:448,0
DA:449,0
DA:450,54
DA:457,39
DA:458,64
DA:459,142
DA:460,51
DA:461,140
DA:462,142
DA:463,68
DA:464,35
DA:471,45
DA:472,76
DA:473,46
DA:474,127
DA:475,89
DA:476,120
DA:477,150
DA:478,78
DA:479,154
DA:480,48
DA:481,68
DA:482,30
DA:483,18
DA:484,9
DA:485,9
DA:486,35
DA:489,28
DA:490,76
DA:491,60
DA:492,26
DA:493,12
DA:494,19
DA:495,82
DA:496,7
DA:497,26
DA:498,1
DA:499,1
DA:500,7
DA:502,2
DA:504,33
DA:505,18
DA:506,12
DA:507,6
DA:508,60
DA:509,54
DA:510,5
DA:511,76
DA:512,100
DA:513,57
DA:514,30
DA:515,55
DA:516,36
DA:517,64
DA:518,36
DA:519,86
DA:520,64
DA:521,9
DA:522,13
DA:523,32
DA:524,60
DA:525,82
DA:526,107
DA:527,17
DA:528,28
DA:529,32
DA:530,44
DA:531,38
DA:532,75
DA:533,12
DA:534,21
DA:535,60
DA:537,40
DA:541,29
DA:542,14
DA:543,14
DA:544,32
DA:549,12
DA:550,6
DA:551,38
DA:552,147
DA:553,85
DA:554,22
DA:555,40
DA:556,10
DA:557,10
DA:558,12
DA:559,64
DA:560,118
DA:561,1
DA:562,12
DA:563,5
DA:564,5
DA:565,27
DA:568,29
DA:569,10
DA:570,10
DA:571,12
DA:572,18
DA:573,10
DA:574,6
DA:575,30
DA:576,43
DA:577,44
DA:578,24
DA:579,90
DA:580,16
DA:581,10
DA:582,5
DA:585,64
DA:586,76
DA:587,24
DA:588,26
DA:589,75
DA:590,4
DA:591,5
DA:592,24
DA:593,16
DA:594,44
DA:595,58
DA:596,139
DA:597,36
DA:598,30
DA:599,5
DA:602,24
DA:603,14
DA:604,20
DA:605,20
DA:606,20
DA:607,20
DA:608,6
DA:609,36
DA:610,32
DA:611,125
DA:612,84
DA:613,44
DA:614,129
DA:615,88
DA:616,64
DA:617,137
DA:618,64
DA:619,34
DA:620,16
DA:621,46
DA:623,9
DA:624,40
DA:625,5
DA:626,25
DA:629,46
DA:630,59
DA:631,30
DA:632,51
DA:633,30
DA:634,46
DA:635,16
DA:636,28
DA:637,14
DA:638,21
DA:639,14
DA:640,28
DA:641,13
DA:642,29
DA:643,17
DA:644,68
DA:646,17
DA:650,0
DA:651,0
DA:652,0
DA:653,0
DA:654,0
DA:655,13
DA:658,0
DA:659,0
DA:660,0
DA:661,0
DA:662,0
DA:663,0
DA:664,0
DA:665,0
DA:666,0
DA:667,51
DA:670,0
DA:671,0
DA:672,0
DA:673,0
DA:674,0
DA:675,0
DA:676,0
DA:677,0
DA:678,0
DA:679,17
DA:682,65
DA:683,61
DA:684,59
DA:685,30
DA:686,94
DA:687,15
DA:688,36
DA:689,16
DA:690,47
DA:691,13
DA:692,37
DA:693,14
DA:694,28
DA:695,19
DA:696,62
DA:697,40
DA:698,10
DA:699,14
DA:700,33
DA:702,30
LF:512
LH:455
end_of_record
TN:
SF:packages/sdk/src/table-handle.ts
FNF:24
FNH:21
DA:10,123
DA:15,1
DA:17,13
DA:18,22
DA:19,28
DA:20,10
DA:21,62
DA:22,78
DA:25,20
DA:26,53
DA:29,23
DA:30,127
DA:33,24
DA:34,84
DA:35,94
DA:36,90
DA:37,169
DA:40,19
DA:41,83
DA:44,26
DA:45,97
DA:48,25
DA:49,0
DA:50,0
DA:51,0
DA:52,0
DA:53,0
DA:54,0
DA:55,0
DA:56,0
DA:57,62
DA:60,25
DA:61,111
DA:64,26
DA:65,87
DA:68,28
DA:69,53
DA:72,28
DA:73,107
DA:76,28
DA:77,101
DA:80,30
DA:81,123
DA:84,26
DA:85,109
DA:88,0
DA:89,63
DA:92,32
DA:93,98
DA:94,94
DA:95,120
DA:96,93
DA:97,110
DA:98,106
DA:100,116
DA:101,100
DA:102,130
DA:103,138
DA:104,124
DA:105,40
DA:107,93
DA:108,42
DA:109,99
DA:110,72
DA:111,78
DA:112,130
DA:113,108
DA:114,13
DA:115,38
DA:116,64
DA:117,40
DA:118,34
DA:119,14
DA:120,9
DA:122,74
DA:123,96
DA:124,28
DA:125,48
DA:126,104
DA:127,38
DA:128,32
DA:129,88
DA:130,94
DA:131,16
DA:132,9
DA:135,25
DA:136,98
DA:137,75
DA:138,44
DA:139,149
DA:140,174
DA:141,9
DA:142,33
DA:145,25
DA:146,98
DA:147,73
DA:148,78
DA:149,44
DA:150,149
DA:151,152
DA:152,9
DA:153,33
DA:156,28
DA:157,82
DA:158,72
DA:159,26
DA:160,12
DA:161,19
DA:162,82
DA:163,7
DA:164,26
DA:165,1
DA:166,1
DA:167,7
DA:169,2
LF:115
LH:106
end_of_record
TN:
SF:packages/sdk/src/workbook.ts
FNF:79
FNH:62
DA:1,90
DA:2,170
DA:10,180
DA:15,170
DA:22,154
DA:23,102
DA:24,162
DA:31,248
DA:44,148
DA:45,140
DA:46,126
DA:47,127
DA:60,45
DA:61,46
DA:69,110
DA:70,14
DA:71,32
DA:72,32
DA:73,16
DA:74,48
DA:75,48
DA:76,56
DA:77,42
DA:78,56
DA:79,50
DA:80,58
DA:81,43
DA:83,13
DA:84,20
DA:85,20
DA:86,16
DA:87,20
DA:88,30
DA:89,10
DA:90,76
DA:91,50
DA:92,78
DA:93,65
DA:102,7
DA:103,26
DA:104,17
DA:108,10
DA:109,132
DA:110,52
DA:111,34
DA:112,44
DA:113,30
DA:114,34
DA:115,40
DA:116,24
DA:124,22
DA:125,64
DA:126,52
DA:127,52
DA:128,8
DA:129,8
DA:130,46
DA:131,58
DA:132,38
DA:133,46
DA:134,52
DA:135,76
DA:136,50
DA:137,70
DA:138,64
DA:139,8
DA:140,8
DA:141,23
DA:149,55
DA:150,90
DA:151,89
DA:152,52
DA:153,28
DA:154,8
DA:155,40
DA:156,58
DA:157,38
DA:158,46
DA:159,52
DA:160,76
DA:161,50
DA:162,140
DA:163,134
DA:164,8
DA:165,8
DA:166,9
DA:171,29
DA:172,71
DA:173,32
DA:174,162
DA:175,46
DA:176,48
DA:177,50
DA:178,46
DA:179,42
DA:180,56
DA:181,84
DA:182,7
DA:183,9
DA:184,82
DA:185,44
DA:187,94
DA:188,38
DA:189,86
DA:190,16
DA:191,81
DA:192,23
DA:193,24
DA:194,25
DA:195,23
DA:196,21
DA:197,28
DA:198,12
DA:199,6
DA:200,9
DA:202,108
DA:204,42
DA:205,79
DA:206,106
DA:207,62
DA:208,14
DA:209,56
DA:210,100
DA:211,106
DA:212,8
DA:213,142
DA:214,16
DA:215,48
DA:216,72
DA:217,68
DA:218,70
DA:219,16
DA:220,95
DA:221,52
DA:222,50
DA:223,101
DA:224,18
DA:225,9
DA:226,9
DA:228,182
DA:229,118
DA:230,132
DA:231,95
DA:232,67
DA:233,64
DA:234,50
DA:235,42
DA:236,4
DA:237,12
DA:238,116
DA:239,48
DA:240,68
DA:241,50
DA:248,58
DA:249,22
DA:250,60
DA:251,36
DA:252,38
DA:253,36
DA:254,30
DA:255,80
DA:256,20
DA:257,12
DA:258,114
DA:259,50
DA:260,46
DA:261,39
DA:262,69
DA:263,70
DA:264,116
DA:265,122
DA:266,190
DA:267,114
DA:268,132
DA:269,188
DA:270,136
DA:271,114
DA:272,93
DA:273,26
DA:274,104
DA:275,17
DA:276,60
DA:278,14
DA:279,47
DA:289,7
DA:290,10
DA:291,18
DA:292,10
DA:293,71
DA:294,32
DA:295,52
DA:296,54
DA:297,60
DA:298,84
DA:299,7
DA:300,9
DA:301,100
DA:302,96
DA:303,161
DA:304,110
DA:305,45
DA:306,167
DA:307,32
DA:308,52
DA:309,54
DA:310,60
DA:311,24
DA:312,7
DA:313,9
DA:315,54
DA:316,42
DA:317,186
DA:318,120
DA:319,176
DA:320,124
DA:321,96
DA:322,154
DA:323,106
DA:324,28
DA:325,96
DA:326,100
DA:327,100
DA:328,40
DA:329,119
DA:330,75
DA:331,11
DA:332,9
DA:340,48
DA:341,68
DA:342,121
DA:343,65
DA:344,9
DA:345,28
DA:346,24
DA:347,58
DA:348,9
DA:359,35
DA:360,83
DA:361,66
DA:362,26
DA:363,12
DA:364,20
DA:365,86
DA:366,1
DA:367,8
DA:368,13
DA:369,58
DA:370,56
DA:371,26
DA:372,36
DA:373,65
DA:374,18
DA:375,64
DA:376,99
DA:378,17
DA:379,9
DA:380,64
DA:381,52
DA:382,9
DA:383,108
DA:384,96
DA:385,116
DA:386,38
DA:387,83
DA:388,28
DA:389,9
DA:391,54
DA:392,42
DA:393,186
DA:394,120
DA:395,176
DA:396,124
DA:397,96
DA:398,162
DA:399,54
DA:400,49
DA:409,30
DA:410,71
DA:411,32
DA:412,40
DA:413,130
DA:414,34
DA:415,7
DA:416,9
DA:417,76
DA:418,100
DA:419,106
DA:420,14
DA:421,34
DA:422,40
DA:423,38
DA:424,9
DA:425,54
DA:426,18
DA:427,10
DA:428,21
DA:429,24
DA:430,134
DA:431,11
DA:432,131
DA:433,46
DA:434,106
DA:435,74
DA:436,85
DA:437,76
DA:438,144
DA:439,9
DA:440,9
DA:441,77
DA:442,68
DA:443,70
DA:444,58
DA:445,60
DA:446,56
DA:447,50
DA:448,52
DA:449,12
DA:450,9
DA:451,54
DA:452,62
DA:453,70
DA:454,28
DA:455,60
DA:456,56
DA:457,58
DA:458,9
DA:466,34
DA:467,108
DA:468,100
DA:469,78
DA:470,38
DA:471,48
DA:472,82
DA:473,104
DA:474,110
DA:475,18
DA:476,40
DA:477,26
DA:478,20
DA:479,12
DA:480,75
DA:485,21
DA:486,106
DA:487,35
DA:488,32
DA:489,42
DA:490,110
DA:491,7
DA:492,9
DA:493,86
DA:494,78
DA:495,86
DA:496,14
DA:497,0
DA:498,0
DA:499,0
DA:500,0
DA:501,0
DA:502,0
DA:503,0
DA:504,0
DA:505,0
DA:506,26
DA:507,1
DA:508,12
DA:509,85
DA:512,20
DA:513,126
DA:514,123
DA:515,54
DA:516,66
DA:517,44
DA:518,15
DA:519,105
DA:527,6
DA:528,14
DA:529,18
DA:533,10
DA:534,76
DA:535,52
DA:536,46
DA:537,120
DA:539,113
DA:540,88
DA:541,98
DA:543,163
DA:544,158
DA:545,145
DA:546,96
DA:547,149
DA:548,48
DA:549,14
DA:550,31
DA:551,118
DA:552,108
DA:553,96
DA:554,56
DA:555,61
DA:556,40
DA:557,96
DA:558,31
DA:559,46
DA:560,108
DA:561,26
DA:562,25
DA:563,56
DA:564,21
DA:565,23
DA:566,54
DA:567,31
DA:569,143
DA:571,9
DA:572,35
DA:580,58
DA:581,124
DA:582,50
DA:583,176
DA:584,11
DA:592,47
DA:593,124
DA:594,175
DA:602,0
DA:603,0
DA:604,0
DA:605,0
DA:606,0
DA:607,34
DA:610,61
DA:611,126
DA:612,50
DA:613,192
DA:614,11
DA:622,32
DA:623,97
DA:631,23
DA:632,65
DA:640,37
DA:641,105
DA:644,0
DA:645,65
DA:648,58
DA:649,125
DA:652,58
DA:653,125
DA:656,0
DA:657,66
DA:660,0
DA:661,71
DA:671,28
DA:672,52
DA:673,118
DA:675,78
DA:676,15
DA:677,94
DA:678,69
DA:679,51
DA:680,11
DA:681,9
DA:683,66
DA:684,67
DA:692,23
DA:693,52
DA:694,146
DA:695,100
DA:696,56
DA:697,90
DA:698,96
DA:699,84
DA:700,100
DA:701,78
DA:702,81
DA:703,12
DA:704,184
DA:705,89
DA:706,92
DA:707,0
DA:708,0
DA:709,0
DA:710,0
DA:711,27
DA:720,29
DA:721,52
DA:722,86
DA:723,89
DA:724,45
DA:727,32
DA:728,52
DA:729,110
DA:730,56
DA:731,90
DA:732,96
DA:733,84
DA:734,100
DA:735,78
DA:736,77
DA:737,12
DA:738,74
DA:739,18
DA:740,80
DA:741,24
DA:742,12
DA:743,89
DA:744,45
DA:747,30
DA:748,90
DA:749,52
DA:750,24
DA:751,32
DA:752,210
DA:753,2
DA:754,9
DA:757,28
DA:761,10
DA:762,68
DA:763,70
DA:764,56
DA:765,64
DA:766,81
DA:767,116
DA:768,116
DA:769,62
DA:771,57
DA:772,57
DA:773,47
DA:774,53
DA:775,53
DA:776,49
DA:777,59
DA:778,60
DA:779,70
DA:780,29
DA:781,51
DA:782,48
DA:783,72
DA:784,24
DA:785,31
DA:786,21
DA:787,29
DA:788,24
DA:789,42
DA:790,8
DA:791,81
DA:792,150
DA:793,158
DA:794,5
DA:795,26
DA:796,72
DA:797,21
DA:798,24
DA:799,23
DA:800,4
DA:801,0
DA:802,0
DA:803,0
DA:804,0
DA:805,59
DA:806,1
DA:807,3
DA:808,13
DA:809,36
DA:810,11
DA:811,19
DA:812,23
DA:813,87
DA:814,21
DA:816,9
DA:817,129
DA:820,25
DA:821,102
DA:822,44
DA:825,48
DA:826,62
DA:827,78
DA:828,70
DA:829,46
DA:830,58
DA:831,70
DA:832,64
DA:833,72
DA:834,58
DA:835,62
DA:836,70
DA:839,47
DA:840,84
DA:841,55
DA:842,72
DA:843,66
DA:844,17
DA:845,9
DA:846,71
DA:847,176
DA:848,9
DA:851,56
DA:852,96
DA:853,132
DA:854,91
DA:855,128
DA:856,56
DA:858,2
DA:861,48
DA:862,56
DA:863,64
DA:864,68
DA:865,34
DA:866,40
DA:867,3
DA:870,1
DA:872,65
DA:874,47
DA:875,154
DA:876,144
DA:877,29
DA:880,55
DA:881,154
DA:882,186
DA:883,29
DA:886,0
DA:887,0
DA:888,18
DA:891,0
DA:892,0
DA:893,18
DA:896,0
DA:897,0
DA:898,18
DA:901,0
DA:902,0
DA:903,18
DA:906,0
DA:907,0
DA:908,18
DA:911,0
DA:912,0
DA:913,18
DA:916,0
DA:917,0
DA:918,18
DA:921,0
DA:922,0
DA:923,18
DA:926,0
DA:927,0
DA:928,18
DA:931,22
DA:932,67
DA:935,0
DA:936,51
DA:938,2
DA:940,66
DA:941,98
DA:942,105
DA:945,44
DA:946,38
DA:947,40
DA:948,238
DA:949,10
DA:950,28
DA:951,186
DA:952,2
DA:953,5
DA:956,30
DA:957,16
DA:958,14
DA:959,10
DA:960,26
DA:961,28
DA:962,6
DA:963,82
DA:964,158
DA:965,52
DA:966,83
DA:967,96
DA:968,60
DA:969,176
DA:970,172
DA:971,96
DA:972,102
DA:973,98
DA:974,108
DA:975,104
DA:976,202
DA:977,44
DA:978,44
DA:979,52
DA:980,48
DA:981,70
DA:982,60
DA:983,12
DA:984,102
DA:985,104
DA:986,95
DA:987,5
DA:988,24
DA:989,137
DA:990,22
DA:991,42
DA:992,46
DA:993,32
DA:994,15
DA:995,38
DA:996,42
DA:997,36
DA:998,5
DA:1001,39
DA:1002,49
DA:1003,39
DA:1004,43
DA:1005,43
DA:1006,42
DA:1007,37
DA:1008,53
DA:1009,34
DA:1010,137
DA:1012,18
DA:1016,41
DA:1017,18
DA:1018,68
DA:1019,159
DA:1020,11
DA:1021,18
DA:1025,32
DA:1026,10
DA:1027,26
DA:1028,28
DA:1029,6
DA:1030,46
DA:1031,53
DA:1032,53
DA:1033,38
DA:1034,174
DA:1035,27
DA:1036,47
DA:1037,47
DA:1038,46
DA:1039,84
DA:1040,27
DA:1041,57
DA:1042,38
DA:1043,166
DA:1044,20
DA:1046,5
DA:1047,99
DA:1048,77
DA:1049,109
DA:1050,107
DA:1051,5
DA:1052,130
DA:1053,25
DA:1056,22
DA:1057,18
DA:1058,20
DA:1059,6
DA:1060,80
DA:1061,28
DA:1062,149
DA:1063,114
DA:1064,56
DA:1065,18
DA:1066,64
DA:1067,116
DA:1068,22
DA:1069,68
DA:1070,176
DA:1071,160
DA:1072,158
DA:1076,39
DA:1079,6
DA:1080,86
DA:1081,47
DA:1082,87
DA:1083,5
DA:1084,93
DA:1087,59
DA:1088,46
DA:1089,83
DA:1090,109
DA:1091,100
DA:1092,66
DA:1093,5
DA:1094,5
DA:1095,25
DA:1098,54
DA:1099,41
DA:1102,49
DA:1103,110
DA:1104,118
DA:1105,112
DA:1106,25
DA:1109,30
DA:1110,24
DA:1111,22
DA:1112,6
DA:1113,48
DA:1114,78
DA:1115,77
DA:1118,48
DA:1119,36
DA:1120,53
DA:1121,53
DA:1122,38
DA:1123,154
DA:1124,27
DA:1125,42
DA:1126,86
DA:1127,27
DA:1128,44
DA:1129,90
DA:1130,22
DA:1131,21
DA:1132,80
DA:1133,17
DA:1134,21
DA:1135,28
DA:1136,47
DA:1137,47
DA:1138,47
DA:1139,47
DA:1140,43
DA:1141,49
DA:1142,49
DA:1143,45
DA:1144,49
DA:1145,45
DA:1146,47
DA:1147,51
DA:1148,55
DA:1149,56
DA:1150,61
DA:1152,20
DA:1154,5
DA:1155,25
LF:831
LH:787
end_of_record
TN:
SF:packages/verify/src/checker.ts
FNF:15
FNH:15
DA:2,51
DA:3,119
DA:11,40
DA:26,10
DA:27,21
DA:28,21
DA:29,30
DA:30,30
DA:31,43
DA:32,32
DA:33,16
DA:34,34
DA:35,10
DA:36,23
DA:37,18
DA:38,79
DA:39,4
DA:40,30
DA:41,2
DA:42,19
DA:45,24
DA:46,33
DA:47,18
DA:48,42
DA:49,43
DA:50,35
DA:51,62
DA:52,27
DA:53,22
DA:54,16
DA:55,2
DA:56,2
DA:57,81
DA:58,11
DA:59,2
DA:60,11
DA:63,1
DA:64,5
DA:65,10
DA:66,12
DA:67,3
DA:68,20
DA:70,54
DA:71,34
DA:72,92
DA:73,38
DA:74,38
DA:75,80
DA:76,76
DA:77,24
DA:78,0
DA:79,0
DA:80,0
DA:81,0
DA:82,0
DA:83,0
DA:84,0
DA:85,0
DA:86,8
DA:87,22
DA:88,0
DA:89,0
DA:90,0
DA:91,0
DA:92,0
DA:93,0
DA:94,0
DA:95,0
DA:96,8
DA:97,71
DA:98,25
DA:99,32
DA:100,30
DA:101,81
DA:102,26
DA:103,11
DA:104,8
DA:105,8
DA:106,6
DA:107,52
DA:108,80
DA:109,68
DA:110,23
DA:111,30
DA:112,28
DA:113,68
DA:114,30
DA:115,72
DA:116,9
DA:117,4
DA:118,2
DA:119,2
DA:121,13
DA:124,14
DA:125,20
DA:127,54
DA:128,34
DA:129,92
DA:130,38
DA:131,50
DA:132,40
DA:133,23
DA:134,32
DA:135,30
DA:136,63
DA:137,27
DA:138,14
DA:139,84
DA:140,9
DA:141,4
DA:142,2
DA:143,2
DA:145,13
DA:148,18
DA:149,42
DA:150,38
DA:151,47
DA:152,30
DA:153,33
DA:154,43
DA:155,6
DA:156,14
DA:157,28
DA:158,24
DA:159,78
DA:160,11
DA:161,113
DA:162,1
DA:163,1
DA:166,15
DA:167,28
DA:168,14
DA:169,110
DA:170,0
DA:171,5
DA:172,16
DA:173,71
DA:175,0
DA:179,18
DA:180,20
DA:182,54
DA:183,48
DA:184,60
DA:185,62
DA:186,31
DA:187,41
DA:188,50
DA:189,21
DA:190,31
DA:191,28
DA:192,53
DA:193,83
DA:194,31
DA:195,7
DA:196,2
DA:197,2
DA:199,13
DA:202,8
DA:203,20
DA:204,71
DA:205,51
DA:207,48
DA:208,28
DA:209,30
DA:210,34
DA:211,23
DA:212,69
DA:213,54
DA:214,71
DA:215,23
DA:216,33
DA:217,30
DA:218,89
DA:219,25
DA:220,72
DA:221,9
DA:222,4
DA:223,2
DA:224,2
DA:226,13
DA:229,8
DA:230,20
DA:232,35
DA:233,40
DA:234,69
DA:235,49
DA:236,151
DA:237,23
DA:238,34
DA:239,28
DA:240,109
DA:241,43
DA:242,9
DA:243,4
DA:244,2
DA:245,2
DA:247,14
DA:250,6
DA:251,10
DA:252,10
DA:256,3
DA:257,75
DA:258,87
DA:259,54
DA:260,20
DA:261,55
DA:262,35
DA:263,49
DA:264,46
DA:265,36
DA:266,34
DA:267,4
DA:268,46
LF:213
LH:195
end_of_record
TN:
SF:packages/verify/src/index.ts
FNF:1
FNH:1
DA:1,37
DA:2,35
DA:3,35
LF:3
LH:3
end_of_record
TN:
SF:packages/verify/src/linter.ts
FNF:12
FNH:9
DA:2,36
DA:3,57
DA:5,52
DA:26,29
DA:27,45
DA:28,43
DA:29,1
DA:31,42
DA:32,37
DA:33,108
DA:34,2
DA:36,10
DA:37,34
DA:38,66
DA:39,70
DA:40,2
DA:41,101
DA:42,31
DA:43,26
DA:44,0
DA:45,2
DA:46,34
DA:47,8
DA:50,10
DA:51,19
DA:52,28
DA:53,12
DA:56,15
DA:57,28
DA:58,15
DA:59,82
DA:60,27
DA:61,6
DA:62,10
DA:63,15
DA:64,35
DA:65,36
DA:66,5
DA:67,0
DA:68,0
DA:69,5
DA:70,17
DA:71,63
DA:72,5
DA:73,0
DA:74,0
DA:75,0
DA:76,0
DA:77,0
DA:78,0
DA:79,0
DA:80,14
DA:82,6
DA:86,21
DA:87,28
DA:88,19
DA:89,66
DA:90,66
DA:91,44
DA:92,20
DA:93,26
DA:94,26
DA:95,24
DA:96,29
DA:97,19
DA:98,6
DA:99,12
DA:100,5
DA:101,15
DA:102,86
DA:103,0
DA:104,5
DA:105,17
DA:106,57
DA:107,0
DA:108,0
DA:109,0
DA:110,14
DA:112,12
DA:116,10
DA:117,28
DA:118,15
DA:119,62
DA:120,0
DA:121,5
DA:122,17
DA:123,73
DA:124,0
DA:125,0
DA:126,0
DA:127,0
DA:128,0
DA:129,14
DA:131,8
DA:135,17
DA:136,28
DA:137,13
DA:138,41
DA:139,10
DA:140,15
DA:141,46
DA:142,47
DA:143,5
DA:144,0
DA:145,0
DA:146,5
DA:147,17
DA:148,74
DA:149,5
DA:150,0
DA:151,0
DA:152,0
DA:153,0
DA:154,0
DA:155,0
DA:156,0
DA:157,0
DA:158,0
DA:159,0
DA:160,14
DA:162,7
DA:166,6
DA:167,10
DA:168,10
DA:169,9
DA:170,3
DA:171,24
DA:172,65
DA:174,61
DA:175,66
DA:176,66
DA:177,62
DA:179,29
DA:180,34
DA:182,54
DA:183,87
DA:184,24
DA:185,25
DA:186,28
DA:187,28
DA:188,59
DA:189,12
DA:190,30
DA:191,9
DA:192,8
DA:193,4
DA:195,28
DA:196,50
DA:197,29
DA:198,96
DA:199,43
DA:200,31
DA:201,45
DA:202,4
DA:204,40
DA:205,28
DA:206,25
DA:207,37
DA:208,25
DA:209,73
DA:210,12
DA:211,30
DA:212,7
DA:213,4
DA:215,53
DA:216,25
DA:217,29
DA:218,28
DA:219,65
DA:220,12
DA:221,30
DA:222,7
DA:223,4
DA:225,32
DA:226,35
DA:227,25
DA:228,32
DA:229,26
DA:230,94
DA:231,12
DA:232,30
DA:233,7
DA:234,43
DA:235,25
DA:236,32
DA:237,28
DA:238,98
DA:239,12
DA:240,30
DA:241,7
DA:242,5
DA:244,46
DA:245,2
DA:247,49
DA:248,51
DA:249,25
DA:250,33
DA:251,28
DA:252,129
DA:253,31
DA:254,17
DA:255,7
DA:256,2
DA:257,2
DA:259,54
DA:260,58
DA:261,25
DA:262,28
DA:263,25
DA:264,83
DA:265,27
DA:266,17
DA:267,7
DA:268,2
DA:269,2
DA:271,21
LF:216
LH:184
end_of_record
TN:
SF:packages/verify/src/tracer.ts
FNF:14
FNH:11
DA:1,45
DA:2,166
DA:15,60
DA:35,1
DA:36,4
DA:37,12
DA:38,5
DA:39,5
DA:40,3
DA:41,38
DA:42,16
DA:43,41
DA:44,15
DA:45,12
DA:46,68
DA:47,19
DA:48,2
DA:51,6
DA:52,10
DA:53,11
DA:54,5
DA:55,6
DA:56,10
DA:60,3
DA:61,44
DA:62,54
DA:63,4
DA:64,27
DA:65,76
DA:66,2
DA:68,44
DA:69,16
DA:70,40
DA:72,14
DA:73,9
DA:74,25
DA:75,0
DA:76,2
DA:79,57
DA:80,22
DA:81,76
DA:82,2
DA:83,37
DA:85,75
DA:86,87
DA:87,45
DA:88,66
DA:89,57
DA:91,24
DA:92,29
DA:93,49
DA:94,28
DA:95,19
DA:97,38
DA:98,37
DA:99,24
DA:100,44
DA:102,23
DA:103,48
DA:104,41
DA:105,2
DA:106,14
DA:107,26
DA:108,22
DA:109,10
DA:110,16
DA:111,16
DA:112,12
DA:113,12
DA:114,7
DA:115,8
DA:116,8
DA:117,4
DA:119,60
DA:120,25
DA:121,0
DA:122,0
DA:123,0
DA:124,0
DA:125,0
DA:126,0
DA:127,0
DA:128,0
DA:129,0
DA:130,0
DA:131,0
DA:132,0
DA:133,0
DA:134,0
DA:135,4
DA:136,30
DA:137,0
DA:138,0
DA:139,0
DA:140,0
DA:141,0
DA:142,0
DA:143,2
DA:144,2
DA:146,24
DA:147,29
DA:148,50
DA:149,28
DA:150,19
DA:152,39
DA:153,38
DA:154,24
DA:155,44
DA:157,47
DA:158,30
DA:159,45
DA:160,26
DA:161,43
DA:162,36
DA:163,28
DA:164,55
DA:165,25
DA:166,38
DA:167,22
DA:168,34
DA:169,30
DA:170,27
DA:171,9
DA:172,55
DA:173,2
DA:174,2
DA:176,23
DA:177,47
DA:178,47
DA:179,39
DA:180,41
DA:181,47
DA:182,40
DA:183,33
DA:184,45
DA:185,10
DA:186,5
DA:187,0
DA:188,2
DA:189,2
DA:191,15
DA:192,14
DA:193,21
DA:194,12
DA:195,10
DA:196,15
DA:197,15
DA:198,11
DA:199,2
DA:202,1
DA:203,10
DA:204,9
DA:205,7
DA:206,12
DA:207,12
DA:208,9
DA:209,3
DA:210,33
DA:211,40
DA:212,90
DA:213,32
DA:214,59
DA:215,46
DA:216,29
DA:217,31
DA:218,91
DA:219,69
DA:220,35
DA:221,95
DA:222,32
DA:223,24
DA:224,72
DA:225,13
DA:226,9
DA:227,4
DA:228,2
DA:229,2
DA:230,36
DA:231,68
DA:232,28
DA:233,24
DA:234,41
DA:235,34
DA:236,24
DA:237,53
DA:238,23
DA:239,36
DA:240,20
DA:241,32
DA:242,28
DA:243,9
DA:244,7
DA:245,36
DA:246,2
DA:247,46
DA:248,48
DA:249,48
DA:250,31
DA:251,76
DA:252,32
DA:253,59
DA:254,46
DA:255,29
DA:256,29
DA:257,1
DA:260,1
DA:261,10
DA:262,19
DA:263,5
DA:264,7
DA:265,3
DA:266,29
DA:267,0
DA:268,0
DA:269,0
DA:270,0
DA:271,0
DA:272,0
DA:273,0
DA:274,0
DA:275,0
DA:276,0
DA:277,0
DA:278,0
DA:279,0
DA:280,0
DA:281,0
DA:282,0
DA:283,0
DA:284,0
DA:285,0
DA:286,0
DA:287,0
DA:288,0
DA:289,0
DA:290,0
DA:291,0
DA:292,0
DA:293,0
DA:294,0
DA:295,0
DA:296,0
DA:297,0
DA:298,0
DA:299,0
DA:300,2
DA:301,83
DA:302,24
DA:303,44
DA:304,16
DA:305,29
DA:306,81
DA:307,14
DA:308,56
DA:309,24
DA:310,32
DA:311,28
DA:312,9
DA:313,1
DA:314,2
DA:315,30
DA:316,85
DA:317,14
DA:318,113
DA:319,24
DA:320,32
DA:321,28
DA:322,9
DA:323,1
DA:324,2
DA:325,33
DA:326,0
DA:327,0
DA:328,0
DA:329,0
DA:330,0
DA:331,0
DA:332,0
DA:333,0
DA:334,0
DA:335,0
DA:336,2
DA:337,39
DA:338,40
DA:339,77
DA:340,12
DA:341,141
DA:342,22
DA:343,30
DA:344,26
DA:345,7
DA:346,1
DA:349,1
DA:350,10
DA:351,19
DA:352,5
DA:353,3
DA:354,34
DA:355,42
DA:356,0
DA:359,1
DA:360,10
DA:361,19
DA:362,5
DA:363,3
DA:364,29
DA:365,0
DA:366,0
DA:367,2
DA:368,83
DA:369,24
DA:370,81
DA:371,74
DA:372,45
DA:375,1
DA:376,10
DA:377,12
DA:378,5
DA:385,3
DA:386,30
DA:387,14
DA:388,17
DA:389,30
DA:390,30
DA:391,26
DA:392,23
DA:393,1
DA:394,2
DA:395,44
DA:396,16
DA:397,39
DA:398,15
DA:399,33
DA:400,0
DA:401,0
DA:402,0
DA:403,0
DA:404,0
DA:405,0
DA:406,0
DA:407,2
DA:408,12
DA:409,15
DA:410,29
DA:411,27
DA:412,25
DA:413,20
DA:414,1
DA:417,1
DA:418,10
DA:419,10
DA:426,7
DA:427,3
DA:428,53
DA:429,16
DA:430,100
DA:431,12
DA:432,127
DA:433,22
DA:434,30
DA:435,26
DA:436,7
DA:437,1
DA:440,11
DA:446,3
DA:447,117
DA:450,0
DA:451,0
DA:452,0
DA:453,0
DA:454,0
DA:455,0
DA:456,0
DA:457,0
DA:458,0
DA:459,0
DA:460,0
DA:461,0
DA:465,0
DA:466,0
DA:467,0
DA:468,0
DA:469,0
DA:470,0
LF:384
LH:291
end_of_record
